
> fontoxpath@2.6.0 build /home/martin/projects/fonto-xml/base/fontoxpath
> node ./build.js

Parser generator done
java -jar /home/martin/projects/fonto-xml/base/fontoxpath/node_modules/google-closure-compiler/compiler.jar --assume_function_wrapper=true --new_type_inf=true --debug=false --language_in=ES6 --language_out=ES5_strict --create_source_map=./dist/fontoxpath.js.map --jscomp_error=accessControls --jscomp_error=checkDebuggerStatement --jscomp_error=checkRegExp --jscomp_error=checkTypes --jscomp_error=checkVars --jscomp_error=const --jscomp_error=constantProperty --jscomp_error=deprecated --jscomp_error=deprecatedAnnotations --jscomp_error=duplicate --jscomp_error=inferredConstCheck --jscomp_error=missingProperties --jscomp_error=missingReturn --jscomp_error=newCheckTypes --jscomp_error=typeInvalidation --jscomp_error=undefinedVars --jscomp_error=uselessCode --warning_level=VERBOSE --compilation_level=ADVANCED --externs=/home/martin/projects/fonto-xml/base/fontoxpath/externs/IDomFacade.js --output_wrapper=
(function (root, factory) {
	if (typeof define === 'function' && define.amd) {
		// AMD
		define([], factory);
	} else if (typeof exports === 'object') {
		// Node, CommonJS-like
		module.exports = factory();
	} else {
		// Browser globals (root is window)
		root.fontoxpath = factory();
	}
})(this, function () {
	var exports = {};
	%output%
	return exports;
});
//# sourceMappingURL=./fontoxpath.js.map --js_output_file=./dist/fontoxpath.js --js=./src/**.js

./src/DomFacade.js:117: WARNING - Failed to load module "./selectors/dataTypes/AttributeNode"
		return /** @type {!./selectors/dataTypes/AttributeNode.default} */(node).value;
		                   ^

./src/evaluateXPath.js:1: WARNING - Failed to load module "./parsing/createSelectorFromXPath"
import createSelectorFromXPath from './parsing/createSelectorFromXPath';
^

./src/evaluateXPath.js:2: WARNING - Failed to load module "./selectors/adaptJavaScriptValueToXPathValue"
import adaptJavaScriptValueToXPathValue from './selectors/adaptJavaScriptValueToXPathValue';
^

./src/evaluateXPath.js:3: WARNING - Failed to load module "./selectors/DynamicContext"
import DynamicContext from './selectors/DynamicContext';
^

./src/evaluateXPath.js:4: WARNING - Failed to load module "./DomFacade"
import DomFacade from './DomFacade';
^

./src/evaluateXPath.js:5: WARNING - Failed to load module "./domBackedDomFacade"
import domBackedDomFacade from './domBackedDomFacade';
^

./src/evaluateXPath.js:7: WARNING - Failed to load module "./selectors/dataTypes/atomize"
import atomize from './selectors/dataTypes/atomize';
^

./src/evaluateXPath.js:8: WARNING - Failed to load module "./selectors/dataTypes/castToType"
import castToType from './selectors/dataTypes/castToType';
^

./src/evaluateXPath.js:9: WARNING - Failed to load module "./selectors/dataTypes/Sequence"
import Sequence from './selectors/dataTypes/Sequence';
^

./src/evaluateXPath.js:10: WARNING - Failed to load module "./selectors/dataTypes/isSubtypeOf"
import isSubtypeOf from './selectors/dataTypes/isSubtypeOf';
^

./src/evaluateXPath.js:130: WARNING - Failed to load module "./selectors/dataTypes/Sequence"
	 * @type {!./selectors/dataTypes/Sequence}
	           ^

./src/evaluateXPath.js:165: WARNING - Failed to load module "./selectors/dataTypes/Value"
			 * @type {?./selectors/dataTypes/Value}
			           ^

./src/evaluateXPath.js:180: WARNING - Failed to load module "./selectors/dataTypes/Value"
			 * @type {?./selectors/dataTypes/Value}
			           ^

./src/evaluateXPath.js:197: WARNING - Failed to load module "./selectors/dataTypes/Value"
			 * @type {!Array<!./selectors/dataTypes/Value>}
			                  ^

./src/evaluateXPath.js:221: WARNING - Failed to load module "./selectors/dataTypes/Value"
			 * @type {?./selectors/dataTypes/Value}
			           ^

./src/evaluateXPathToArray.js:1: WARNING - Failed to load module "./evaluateXPath"
import evaluateXPath from './evaluateXPath';
^

./src/evaluateXPathToAsyncIterator.js:1: WARNING - Failed to load module "./evaluateXPath"
import evaluateXPath from './evaluateXPath';
^

./src/evaluateXPathToBoolean.js:1: WARNING - Failed to load module "./evaluateXPath"
import evaluateXPath from './evaluateXPath';
^

./src/evaluateXPathToFirstNode.js:1: WARNING - Failed to load module "./evaluateXPath"
import evaluateXPath from './evaluateXPath';
^

./src/evaluateXPathToMap.js:1: WARNING - Failed to load module "./evaluateXPath"
import evaluateXPath from './evaluateXPath';
^

./src/evaluateXPathToNodes.js:1: WARNING - Failed to load module "./evaluateXPath"
import evaluateXPath from './evaluateXPath';
^

./src/evaluateXPathToNumber.js:1: WARNING - Failed to load module "./evaluateXPath"
import evaluateXPath from './evaluateXPath';
^

./src/evaluateXPathToNumbers.js:1: WARNING - Failed to load module "./evaluateXPath"
import evaluateXPath from './evaluateXPath';
^

./src/evaluateXPathToString.js:1: WARNING - Failed to load module "./evaluateXPath"
import evaluateXPath from './evaluateXPath';
^

./src/evaluateXPathToStrings.js:1: WARNING - Failed to load module "./evaluateXPath"
import evaluateXPath from './evaluateXPath';
^

./src/index.js:1: WARNING - Failed to load module "./evaluateXPath"
import evaluateXPath from './evaluateXPath';
^

./src/index.js:2: WARNING - Failed to load module "./evaluateXPathToArray"
import evaluateXPathToArray from './evaluateXPathToArray';
^

./src/index.js:3: WARNING - Failed to load module "./evaluateXPathToAsyncIterator"
import evaluateXPathToAsyncIterator from './evaluateXPathToAsyncIterator';
^

./src/index.js:4: WARNING - Failed to load module "./evaluateXPathToBoolean"
import evaluateXPathToBoolean from './evaluateXPathToBoolean';
^

./src/index.js:5: WARNING - Failed to load module "./evaluateXPathToFirstNode"
import evaluateXPathToFirstNode from './evaluateXPathToFirstNode';
^

./src/index.js:6: WARNING - Failed to load module "./evaluateXPathToNodes"
import evaluateXPathToNodes from './evaluateXPathToNodes';
^

./src/index.js:7: WARNING - Failed to load module "./evaluateXPathToNumber"
import evaluateXPathToNumber from './evaluateXPathToNumber';
^

./src/index.js:8: WARNING - Failed to load module "./evaluateXPathToMap"
import evaluateXPathToMap from './evaluateXPathToMap';
^

./src/index.js:9: WARNING - Failed to load module "./evaluateXPathToNumbers"
import evaluateXPathToNumbers from './evaluateXPathToNumbers';
^

./src/index.js:10: WARNING - Failed to load module "./evaluateXPathToString"
import evaluateXPathToString from './evaluateXPathToString';
^

./src/index.js:11: WARNING - Failed to load module "./evaluateXPathToStrings"
import evaluateXPathToStrings from './evaluateXPathToStrings';
^

./src/index.js:12: WARNING - Failed to load module "./precompileXPath"
import precompileXPath from './precompileXPath';
^

./src/index.js:13: WARNING - Failed to load module "./getBucketsForNode"
import getBucketsForNode from './getBucketsForNode';
^

./src/index.js:14: WARNING - Failed to load module "./registerCustomXPathFunction"
import registerCustomXPathFunction from './registerCustomXPathFunction';
^

./src/index.js:15: WARNING - Failed to load module "./parsing/createSelectorFromXPath"
import createSelectorFromXPath from './parsing/createSelectorFromXPath';
^

./src/index.js:16: WARNING - Failed to load module "./domBackedDomFacade"
import domFacade from './domBackedDomFacade';
^

./src/parsing/compileAstToSelector.js:1: WARNING - Failed to load module "../selectors/path/PathSelector"
import PathSelector from '../selectors/path/PathSelector';
^

./src/parsing/compileAstToSelector.js:2: WARNING - Failed to load module "../selectors/ForExpression"
import ForExpression from '../selectors/ForExpression';
^

./src/parsing/compileAstToSelector.js:3: WARNING - Failed to load module "../selectors/maps/MapConstructor"
import MapConstructor from '../selectors/maps/MapConstructor';
^

./src/parsing/compileAstToSelector.js:4: WARNING - Failed to load module "../selectors/arrays/ArrayConstructor"
import ArrayConstructor from '../selectors/arrays/ArrayConstructor';
^

./src/parsing/compileAstToSelector.js:5: WARNING - Failed to load module "../selectors/path/AbsolutePathSelector"
import AbsolutePathSelector from '../selectors/path/AbsolutePathSelector';
^

./src/parsing/compileAstToSelector.js:6: WARNING - Failed to load module "../selectors/postfix/Filter"
import Filter from '../selectors/postfix/Filter';
^

./src/parsing/compileAstToSelector.js:7: WARNING - Failed to load module "../selectors/axes/AttributeAxis"
import AttributeAxis from '../selectors/axes/AttributeAxis';
^

./src/parsing/compileAstToSelector.js:8: WARNING - Failed to load module "../selectors/axes/AncestorAxis"
import AncestorAxis from '../selectors/axes/AncestorAxis';
^

./src/parsing/compileAstToSelector.js:9: WARNING - Failed to load module "../selectors/axes/ChildAxis"
import ChildAxis from '../selectors/axes/ChildAxis';
^

./src/parsing/compileAstToSelector.js:10: WARNING - Failed to load module "../selectors/axes/DescendantAxis"
import DescendantAxis from '../selectors/axes/DescendantAxis';
^

./src/parsing/compileAstToSelector.js:11: WARNING - Failed to load module "../selectors/axes/FollowingSiblingAxis"
import FollowingSiblingAxis from '../selectors/axes/FollowingSiblingAxis';
^

./src/parsing/compileAstToSelector.js:12: WARNING - Failed to load module "../selectors/axes/ParentAxis"
import ParentAxis from '../selectors/axes/ParentAxis';
^

./src/parsing/compileAstToSelector.js:13: WARNING - Failed to load module "../selectors/axes/PrecedingSiblingAxis"
import PrecedingSiblingAxis from '../selectors/axes/PrecedingSiblingAxis';
^

./src/parsing/compileAstToSelector.js:14: WARNING - Failed to load module "../selectors/axes/SelfAxis"
import SelfSelector from '../selectors/axes/SelfAxis';
^

./src/parsing/compileAstToSelector.js:15: WARNING - Failed to load module "../selectors/tests/NameTest"
import NameTest from '../selectors/tests/NameTest';
^

./src/parsing/compileAstToSelector.js:16: WARNING - Failed to load module "../selectors/tests/KindTest"
import KindTest from '../selectors/tests/KindTest';
^

./src/parsing/compileAstToSelector.js:17: WARNING - Failed to load module "../selectors/tests/PITest"
import PITest from '../selectors/tests/PITest';
^

./src/parsing/compileAstToSelector.js:18: WARNING - Failed to load module "../selectors/tests/TypeTest"
import TypeTest from '../selectors/tests/TypeTest';
^

./src/parsing/compileAstToSelector.js:19: WARNING - Failed to load module "../selectors/functions/FunctionCall"
import FunctionCall from '../selectors/functions/FunctionCall';
^

./src/parsing/compileAstToSelector.js:20: WARNING - Failed to load module "../selectors/functions/InlineFunction"
import InlineFunction from '../selectors/functions/InlineFunction';
^

./src/parsing/compileAstToSelector.js:21: WARNING - Failed to load module "../selectors/operators/boolean/AndOperator"
import AndOperator from '../selectors/operators/boolean/AndOperator';
^

./src/parsing/compileAstToSelector.js:22: WARNING - Failed to load module "../selectors/operators/boolean/OrOperator"
import OrOperator from '../selectors/operators/boolean/OrOperator';
^

./src/parsing/compileAstToSelector.js:23: WARNING - Failed to load module "../selectors/operators/UniversalSelector"
import UniversalSelector from '../selectors/operators/UniversalSelector';
^

./src/parsing/compileAstToSelector.js:24: WARNING - Failed to load module "../selectors/operators/Union"
import Union from '../selectors/operators/Union';
^

./src/parsing/compileAstToSelector.js:25: WARNING - Failed to load module "../selectors/operators/SequenceOperator"
import SequenceOperator from '../selectors/operators/SequenceOperator';
^

./src/parsing/compileAstToSelector.js:26: WARNING - Failed to load module "../selectors/operators/SimpleMapOperator"
import SimpleMapOperator from '../selectors/operators/SimpleMapOperator';
^

./src/parsing/compileAstToSelector.js:27: WARNING - Failed to load module "../selectors/operators/numeric/Unary"
import Unary from '../selectors/operators/numeric/Unary';
^

./src/parsing/compileAstToSelector.js:28: WARNING - Failed to load module "../selectors/operators/numeric/BinaryNumericOperator"
import BinaryNumericOperator from '../selectors/operators/numeric/BinaryNumericOperator';
^

./src/parsing/compileAstToSelector.js:29: WARNING - Failed to load module "../selectors/operators/compares/Compare"
import Compare from '../selectors/operators/compares/Compare';
^

./src/parsing/compileAstToSelector.js:30: WARNING - Failed to load module "../selectors/operators/types/InstanceOfOperator"
import InstanceOfOperator from '../selectors/operators/types/InstanceOfOperator';
^

./src/parsing/compileAstToSelector.js:31: WARNING - Failed to load module "../selectors/operators/types/CastAsOperator"
import CastAsOperator from '../selectors/operators/types/CastAsOperator';
^

./src/parsing/compileAstToSelector.js:32: WARNING - Failed to load module "../selectors/operators/types/CastableAsOperator"
import CastableAsOperator from '../selectors/operators/types/CastableAsOperator';
^

./src/parsing/compileAstToSelector.js:33: WARNING - Failed to load module "../selectors/quantified/QuantifiedExpression"
import QuantifiedExpression from '../selectors/quantified/QuantifiedExpression';
^

./src/parsing/compileAstToSelector.js:34: WARNING - Failed to load module "../selectors/conditional/IfExpression"
import IfExpression from '../selectors/conditional/IfExpression';
^

./src/parsing/compileAstToSelector.js:35: WARNING - Failed to load module "../selectors/literals/Literal"
import Literal from '../selectors/literals/Literal';
^

./src/parsing/compileAstToSelector.js:36: WARNING - Failed to load module "../selectors/LetExpression"
import LetExpression from '../selectors/LetExpression';
^

./src/parsing/compileAstToSelector.js:37: WARNING - Failed to load module "../selectors/NamedFunctionRef"
import NamedFunctionRef from '../selectors/NamedFunctionRef';
^

./src/parsing/compileAstToSelector.js:38: WARNING - Failed to load module "../selectors/VarRef"
import VarRef from '../selectors/VarRef';
^

./src/parsing/compileAstToSelector.js:40: WARNING - Failed to load module "../selectors/Selector"
import Selector from '../selectors/Selector';
^

./src/parsing/createSelectorFromXPath.js:1: WARNING - Failed to load module "./xPathParser"
import { parse, SyntaxError } from './xPathParser';
^

./src/parsing/createSelectorFromXPath.js:2: WARNING - Failed to load module "../selectors/Selector"
import Selector from '../selectors/Selector';
^

./src/parsing/createSelectorFromXPath.js:3: WARNING - Failed to load module "./compileAstToSelector"
import compileAstToSelector from './compileAstToSelector';
^

./src/parsing/createSelectorFromXPath.js:4: WARNING - Failed to load module "./compiledSelectorCache"
import compiledSelectorCache from './compiledSelectorCache';
^

./src/parsing/createSelectorFromXPathAsync.js:1: WARNING - Failed to load module "./XPATHPARSER_VERSION"
import XPATHPARSER_VERSION from './XPATHPARSER_VERSION';
^

./src/parsing/createSelectorFromXPathAsync.js:3: WARNING - Failed to load module "./compileAstToSelector"
import compileAstToSelector from './compileAstToSelector';
^

./src/parsing/createSelectorFromXPathAsync.js:4: WARNING - Failed to load module "./createSelectorFromXPath"
import createSelectorFromXPath from './createSelectorFromXPath';
^

./src/precompileXPath.js:1: WARNING - Failed to load module "./parsing/createSelectorFromXPathAsync"
import createSelectorFromXPathAsync from './parsing/createSelectorFromXPathAsync';
^

./src/precompileXPath.js:2: WARNING - Failed to load module "./parsing/compiledSelectorCache"
import compiledSelectorCache from './parsing/compiledSelectorCache';
^

./src/registerCustomXPathFunction.js:1: WARNING - Failed to load module "./selectors/adaptJavaScriptValueToXPathValue"
import adaptJavaScriptValueToXPathValue from './selectors/adaptJavaScriptValueToXPathValue';
^

./src/registerCustomXPathFunction.js:2: WARNING - Failed to load module "./selectors/dataTypes/isSubtypeOf"
import isSubtypeOf from './selectors/dataTypes/isSubtypeOf';
^

./src/registerCustomXPathFunction.js:3: WARNING - Failed to load module "./selectors/functions/functionRegistry"
import functionRegistry from './selectors/functions/functionRegistry';
^

./src/selectors/DynamicContext.js:2: WARNING - Failed to load module "./dataTypes/Sequence"
 * @typedef {./dataTypes/Sequence}
             ^

./src/selectors/DynamicContext.js:14: WARNING - Failed to load module "./dataTypes/Value"
	 * @param  {{contextItem: ?./dataTypes/Value, contextItemIndex: number, contextSequence: !Sequence, domFacade: ?IDomFacade, variables: !Object, resolveNamespacePrefix: function(string):?string, createSelectorFromXPath: function(string):!./Selector}}  context  The context to overlay
	                           ^

./src/selectors/DynamicContext.js:14: WARNING - Failed to load module "./Selector"
	 * @param  {{contextItem: ?./dataTypes/Value, contextItemIndex: number, contextSequence: !Sequence, domFacade: ?IDomFacade, variables: !Object, resolveNamespacePrefix: function(string):?string, createSelectorFromXPath: function(string):!./Selector}}  context  The context to overlay
	                                                                                                                                                                                                                                             ^

./src/selectors/DynamicContext.js:30: WARNING - Failed to load module "./dataTypes/Value"
		 * @type {?./dataTypes/Value}
		           ^

./src/selectors/DynamicContext.js:57: WARNING - Failed to load module "./dataTypes/Sequence"
	 * @param   {!Object<string, !./dataTypes/Sequence>}    variables
	                              ^

./src/selectors/DynamicContext.js:75: WARNING - Failed to load module "./dataTypes/Value"
	 * @param   {./dataTypes/Value}  contextItem
	             ^

./src/selectors/DynamicContext.js:93: WARNING - Failed to load module "./dataTypes/Sequence"
	 * @param   {!./dataTypes/Sequence}  contextSequence
	              ^

./src/selectors/DynamicContext.js:99: WARNING - Failed to load module "./dataTypes/Value"
		 * @type {!Iterator<!./dataTypes/Value>}
		                     ^

./src/selectors/ForExpression.js:1: WARNING - Failed to load module "./Selector"
import Selector from './Selector';
^

./src/selectors/ForExpression.js:2: WARNING - Failed to load module "./dataTypes/Sequence"
import Sequence from './dataTypes/Sequence';
^

./src/selectors/ForExpression.js:3: WARNING - Failed to load module "./Specificity"
import Specificity from './Specificity';
^

./src/selectors/LetExpression.js:1: WARNING - Failed to load module "./Selector"
import Selector from './Selector';
^

./src/selectors/LetExpression.js:2: WARNING - Failed to load module "./util/createDoublyIterableSequence"
import createDoublyIterableSequence from './util/createDoublyIterableSequence';
^

./src/selectors/NamedFunctionRef.js:1: WARNING - Failed to load module "./Selector"
import Selector from './Selector';
^

./src/selectors/NamedFunctionRef.js:2: WARNING - Failed to load module "./Specificity"
import Specificity from './Specificity';
^

./src/selectors/NamedFunctionRef.js:3: WARNING - Failed to load module "./dataTypes/Sequence"
import Sequence from './dataTypes/Sequence';
^

./src/selectors/NamedFunctionRef.js:4: WARNING - Failed to load module "./functions/functionRegistry"
import functionRegistry from './functions/functionRegistry';
^

./src/selectors/NamedFunctionRef.js:5: WARNING - Failed to load module "./dataTypes/FunctionValue"
import FunctionValue from './dataTypes/FunctionValue';
^

./src/selectors/Selector.js:1: WARNING - Failed to load module "./DynamicContext"
import DynamicContext from './DynamicContext';
^

./src/selectors/Selector.js:22: WARNING - Failed to load module "./Specificity"
	 * @param  {!./Specificity}        specificity
	             ^

./src/selectors/Selector.js:59: WARNING - Failed to load module "./DynamicContext"
	 * @param   {?./DynamicContext}      dynamicContext
	              ^

./src/selectors/Selector.js:60: WARNING - Failed to load module "./dataTypes/Sequence"
	 * @return  {!./dataTypes/Sequence}
	              ^

./src/selectors/Selector.js:75: WARNING - Failed to load module "./DynamicContext"
	 * @param   {!./DynamicContext}  _dynamicContext
	              ^

./src/selectors/Selector.js:76: WARNING - Failed to load module "./dataTypes/Sequence"
	 * @return  {!./dataTypes/Sequence}
	              ^

./src/selectors/Selector.js:85: WARNING - Failed to load module "./DynamicContext"
	 * @param   {?./DynamicContext}      contextlessDynamicContext
	              ^

./src/selectors/Selector.js:86: WARNING - Failed to load module "./dataTypes/Sequence"
	 * @return  {!./dataTypes/Sequence}
	              ^

./src/selectors/UnfocusableDynamicContext.js:1: WARNING - Failed to load module "./DynamicContext"
import DynamicContext from './DynamicContext';
^

./src/selectors/UnfocusableDynamicContext.js:2: WARNING - Failed to load module "./dataTypes/Sequence"
import Sequence from './dataTypes/Sequence';
^

./src/selectors/VarRef.js:1: WARNING - Failed to load module "./Selector"
import Selector from './Selector';
^

./src/selectors/VarRef.js:2: WARNING - Failed to load module "./Specificity"
import Specificity from './Specificity';
^

./src/selectors/adaptJavaScriptValueToXPathValue.js:1: WARNING - Failed to load module "./dataTypes/Sequence"
import Sequence from './dataTypes/Sequence';
^

./src/selectors/adaptJavaScriptValueToXPathValue.js:2: WARNING - Failed to load module "./dataTypes/createAtomicValue"
import createAtomicValue from './dataTypes/createAtomicValue';
^

./src/selectors/adaptJavaScriptValueToXPathValue.js:3: WARNING - Failed to load module "./dataTypes/ArrayValue"
import ArrayValue from './dataTypes/ArrayValue';
^

./src/selectors/adaptJavaScriptValueToXPathValue.js:4: WARNING - Failed to load module "./dataTypes/MapValue"
import MapValue from './dataTypes/MapValue';
^

./src/selectors/adaptJavaScriptValueToXPathValue.js:5: WARNING - Failed to load module "./dataTypes/createNodeValue"
import createNodeValue from './dataTypes/createNodeValue';
^

./src/selectors/adaptJavaScriptValueToXPathValue.js:6: WARNING - Failed to load module "./dataTypes/createAtomicValue"
import { trueBoolean, falseBoolean } from './dataTypes/createAtomicValue';
^

./src/selectors/arrays/ArrayConstructor.js:1: WARNING - Failed to load module "../Selector"
import Selector from '../Selector';
^

./src/selectors/arrays/ArrayConstructor.js:2: WARNING - Failed to load module "../Specificity"
import Specificity from '../Specificity';
^

./src/selectors/arrays/ArrayConstructor.js:3: WARNING - Failed to load module "../dataTypes/ArrayValue"
import ArrayValue from '../dataTypes/ArrayValue';
^

./src/selectors/arrays/ArrayConstructor.js:4: WARNING - Failed to load module "../dataTypes/Sequence"
import Sequence from '../dataTypes/Sequence';
^

./src/selectors/axes/AncestorAxis.js:1: WARNING - Failed to load module "../Selector"
import Selector from '../Selector';
^

./src/selectors/axes/AncestorAxis.js:2: WARNING - Failed to load module "../dataTypes/Sequence"
import Sequence from '../dataTypes/Sequence';
^

./src/selectors/axes/AncestorAxis.js:3: WARNING - Failed to load module "../dataTypes/createNodeValue"
import createNodeValue from '../dataTypes/createNodeValue';
^

./src/selectors/axes/AncestorAxis.js:46: WARNING - Failed to load module "../DynamicContext"
	 * @param   {../DynamicContext}  dynamicContext
	             ^

./src/selectors/axes/AttributeAxis.js:1: WARNING - Failed to load module "../Selector"
import Selector from '../Selector';
^

./src/selectors/axes/AttributeAxis.js:2: WARNING - Failed to load module "../Specificity"
import Specificity from '../Specificity';
^

./src/selectors/axes/AttributeAxis.js:3: WARNING - Failed to load module "../dataTypes/Sequence"
import Sequence from '../dataTypes/Sequence';
^

./src/selectors/axes/AttributeAxis.js:4: WARNING - Failed to load module "../dataTypes/createNodeValue"
import createNodeValue from '../dataTypes/createNodeValue';
^

./src/selectors/axes/AttributeAxis.js:5: WARNING - Failed to load module "../dataTypes/AttributeNode"
import AttributeNode from '../dataTypes/AttributeNode';
^

./src/selectors/axes/AttributeAxis.js:6: WARNING - Failed to load module "../dataTypes/isSubtypeOf"
import isSubtypeOf from '../dataTypes/isSubtypeOf';
^

./src/selectors/axes/AttributeAxis.js:29: WARNING - Failed to load module "../DynamicContext"
	 * @param   {../DynamicContext}  dynamicContext
	             ^

./src/selectors/axes/AttributeAxis.js:34: WARNING - Failed to load module "../dataTypes/Value"
		 * @type {../dataTypes/Value}
		          ^

./src/selectors/axes/AttributeAxis.js:55: WARNING - Misplaced type annotation. Type annotations are not allowed here. Are you missing parentheses?
		return new Sequence(matchingAttributes);
		^^^^^^^^^^^^^^^^^^^^^^^^^^^^^^^^^^^^^^^^

./src/selectors/axes/ChildAxis.js:1: WARNING - Failed to load module "../Selector"
import Selector from '../Selector';
^

./src/selectors/axes/ChildAxis.js:2: WARNING - Failed to load module "../dataTypes/Sequence"
import Sequence from '../dataTypes/Sequence';
^

./src/selectors/axes/ChildAxis.js:3: WARNING - Failed to load module "../dataTypes/createNodeValue"
import createNodeValue from '../dataTypes/createNodeValue';
^

./src/selectors/axes/ChildAxis.js:22: WARNING - Failed to load module "../DynamicContext"
	 * @param   {../DynamicContext}  dynamicContext
	             ^

./src/selectors/axes/DescendantAxis.js:1: WARNING - Failed to load module "../Selector"
import Selector from '../Selector';
^

./src/selectors/axes/DescendantAxis.js:2: WARNING - Failed to load module "../dataTypes/Sequence"
import Sequence from '../dataTypes/Sequence';
^

./src/selectors/axes/DescendantAxis.js:3: WARNING - Failed to load module "../dataTypes/createNodeValue"
import createNodeValue from '../dataTypes/createNodeValue';
^

./src/selectors/axes/DescendantAxis.js:4: WARNING - Failed to load module "../util/createSingleValueIterator"
import createSingleValueIterator from '../util/createSingleValueIterator';
^

./src/selectors/axes/FollowingSiblingAxis.js:1: WARNING - Failed to load module "../Selector"
import Selector from '../Selector';
^

./src/selectors/axes/FollowingSiblingAxis.js:2: WARNING - Failed to load module "../dataTypes/Sequence"
import Sequence from '../dataTypes/Sequence';
^

./src/selectors/axes/FollowingSiblingAxis.js:3: WARNING - Failed to load module "../dataTypes/createNodeValue"
import createNodeValue from '../dataTypes/createNodeValue';
^

./src/selectors/axes/FollowingSiblingAxis.js:42: WARNING - Failed to load module "../DynamicContext"
	 * @param   {../DynamicContext}  dynamicContext
	             ^

./src/selectors/axes/ParentAxis.js:1: WARNING - Failed to load module "../Selector"
import Selector from '../Selector';
^

./src/selectors/axes/ParentAxis.js:2: WARNING - Failed to load module "../dataTypes/Sequence"
import Sequence from '../dataTypes/Sequence';
^

./src/selectors/axes/ParentAxis.js:3: WARNING - Failed to load module "../dataTypes/createNodeValue"
import createNodeValue from '../dataTypes/createNodeValue';
^

./src/selectors/axes/ParentAxis.js:24: WARNING - Failed to load module "../DynamicContext"
	 * @param   {../DynamicContext}  dynamicContext
	             ^

./src/selectors/axes/PrecedingSiblingAxis.js:1: WARNING - Failed to load module "../Selector"
import Selector from '../Selector';
^

./src/selectors/axes/PrecedingSiblingAxis.js:2: WARNING - Failed to load module "../dataTypes/Sequence"
import Sequence from '../dataTypes/Sequence';
^

./src/selectors/axes/PrecedingSiblingAxis.js:3: WARNING - Failed to load module "../dataTypes/createNodeValue"
import createNodeValue from '../dataTypes/createNodeValue';
^

./src/selectors/axes/PrecedingSiblingAxis.js:42: WARNING - Failed to load module "../DynamicContext"
	 * @param   {../DynamicContext}  dynamicContext
	             ^

./src/selectors/axes/SelfAxis.js:1: WARNING - Failed to load module "../Selector"
import Selector from '../Selector';
^

./src/selectors/axes/SelfAxis.js:2: WARNING - Failed to load module "../dataTypes/Sequence"
import Sequence from '../dataTypes/Sequence';
^

./src/selectors/axes/SelfAxis.js:23: WARNING - Failed to load module "../DynamicContext"
	 * @param   {../DynamicContext}  dynamicContext
	             ^

./src/selectors/conditional/IfExpression.js:1: WARNING - Failed to load module "../Selector"
import Selector from '../Selector';
^

./src/selectors/conditional/IfExpression.js:2: WARNING - Failed to load module "../dataTypes/Sequence"
import Sequence from '../dataTypes/Sequence';
^

./src/selectors/dataTypes/ArrayValue.js:1: WARNING - Failed to load module "./FunctionValue"
import FunctionValue from './FunctionValue';
^

./src/selectors/dataTypes/ArrayValue.js:2: WARNING - Failed to load module "./Sequence"
import Sequence from './Sequence';
^

./src/selectors/dataTypes/ArrayValue.js:3: WARNING - Failed to load module "../functions/builtInFunctions.arrays.get"
import arrayGet from '../functions/builtInFunctions.arrays.get';
^

./src/selectors/dataTypes/ArrayValue.js:6: WARNING - Failed to load module "./FunctionValue"
 * @extends {./FunctionValue}
             ^

./src/selectors/dataTypes/ArrayValue.js:10: WARNING - Failed to load module "./Value"
	 * @param  {Array<./Value>}  members
	                  ^

./src/selectors/dataTypes/AttributeNode.js:1: WARNING - Failed to load module "./createAtomicValue"
import createAtomicValue from './createAtomicValue';
^

./src/selectors/dataTypes/FunctionValue.js:1: WARNING - Failed to load module "./Sequence"
import Sequence from './Sequence';
^

./src/selectors/dataTypes/FunctionValue.js:21: WARNING - Failed to load module "./Value"
 * @extends {./Value}
             ^

./src/selectors/dataTypes/FunctionValue.js:25: WARNING - Failed to load module "../DynamicContext"
	 * @param  {{value: !function(!../DynamicContext, !Sequence): !Sequence, name: string, argumentTypes: !Array<string>, arity: number, returnType: string}}  properties
	                               ^

./src/selectors/dataTypes/MapValue.js:1: WARNING - Failed to load module "./FunctionValue"
import FunctionValue from './FunctionValue';
^

./src/selectors/dataTypes/MapValue.js:2: WARNING - Failed to load module "./Sequence"
import Sequence from './Sequence';
^

./src/selectors/dataTypes/MapValue.js:3: WARNING - Failed to load module "../functions/builtInFunctions.maps.get"
import mapGet from '../functions/builtInFunctions.maps.get';
^

./src/selectors/dataTypes/MapValue.js:6: WARNING - Failed to load module "./FunctionValue"
 * @extends {./FunctionValue}
             ^

./src/selectors/dataTypes/MapValue.js:10: WARNING - Failed to load module "./Value"
	 * @param  {Array<{key: !./Value, value: ./Sequence}>}  keyValuePairs
	                         ^

./src/selectors/dataTypes/MapValue.js:10: WARNING - Failed to load module "./Sequence"
	 * @param  {Array<{key: !./Value, value: ./Sequence}>}  keyValuePairs
	                                         ^

./src/selectors/dataTypes/Sequence.js:1: WARNING - Failed to load module "./getEffectiveBooleanValue"
import getEffectiveBooleanValue from './getEffectiveBooleanValue';
^

./src/selectors/dataTypes/Sequence.js:2: WARNING - Failed to load module "./atomize"
import atomize from './atomize';
^

./src/selectors/dataTypes/Sequence.js:3: WARNING - Failed to load module "./isSubtypeOf"
import isSubtypeOf from './isSubtypeOf';
^

./src/selectors/dataTypes/Sequence.js:4: WARNING - Failed to load module "./createAtomicValue"
import { trueBoolean, falseBoolean } from './createAtomicValue';
^

./src/selectors/dataTypes/Sequence.js:13: WARNING - Failed to load module "./Value"
 * @extends {./Value}
             ^

./src/selectors/dataTypes/Sequence.js:144: WARNING - Failed to load module "./Value"
	 * @type {!Iterator<!./Value>}
	                     ^

./src/selectors/dataTypes/Sequence.js:147: WARNING - Failed to load module "./Value"
	return new Sequence(/** @type {!Iterator<!./Value>} */ ({
	                                          ^

./src/selectors/dataTypes/Sequence.js:169: WARNING - Failed to load module "./Value"
	 * @type {!Iterator<!./Value>}
	                     ^

./src/selectors/dataTypes/Sequence.js:173: WARNING - Failed to load module "./Value"
	return new Sequence(/** @type {!Iterator<!./Value>} */ ({
	                                          ^

./src/selectors/dataTypes/Sequence.js:221: WARNING - Failed to load module "../DynamicContext"
 * @param  {!../DynamicContext} dynamicContext
             ^

./src/selectors/dataTypes/Sequence.js:302: WARNING - Bad type annotation. type not recognized due to syntax error. See https://github.com/google/closure-compiler/wiki/Bad-Type-Annotation for more information.
 * @param  {{empty: function():}}
                               ^

./src/selectors/dataTypes/Sequence.js:515: WARNING - Failed to load module "./Value"
	return new Sequence(/** @type {!Iterator<!./Value>} */ ({
	                                          ^

./src/selectors/dataTypes/Sequence.js:532: WARNING - Failed to load module "./Value"
	return new Sequence(/** @type {!Iterator<!./Value>} */ ({
	                                          ^

./src/selectors/dataTypes/Sequence.js:559: WARNING - Failed to load module "./Value"
 * @param   {!./Value}  value
              ^

./src/selectors/dataTypes/atomize.js:1: WARNING - Failed to load module "./isSubtypeOf"
import isSubtypeOf from './isSubtypeOf';
^

./src/selectors/dataTypes/atomize.js:2: WARNING - Failed to load module "./createAtomicValue"
import createAtomicValue from './createAtomicValue';
^

./src/selectors/dataTypes/atomize.js:5: WARNING - Failed to load module "./Value"
 * @param   {!./Value}            value
              ^

./src/selectors/dataTypes/atomize.js:6: WARNING - Failed to load module "../DynamicContext"
 * @param   {!../DynamicContext}  dynamicContext
              ^

./src/selectors/dataTypes/atomize.js:7: WARNING - Failed to load module "./AtomicValue"
 * @return  {!./AtomicValue}
              ^

./src/selectors/dataTypes/builtins/builtinDataTypesByName.js:1: WARNING - Failed to load module "./builtinModels"
import builtinModels from './builtinModels';
^

./src/selectors/dataTypes/builtins/builtinDataTypesByName.js:2: WARNING - Failed to load module "./dataTypeValidatorByName"
import dataTypeValidatorByName from './dataTypeValidatorByName';
^

./src/selectors/dataTypes/builtins/builtinDataTypesByName.js:3: WARNING - Failed to load module "../facets/facetsByDataTypeName"
import facetHandlersByDataTypeName from '../facets/facetsByDataTypeName';
^

./src/selectors/dataTypes/canCastToType.js:1: WARNING - Failed to load module "./casting/tryCastToType"
import tryCastToType from './casting/tryCastToType';
^

./src/selectors/dataTypes/canCastToType.js:4: WARNING - Failed to load module "./AtomicValue"
 * @param   {!./AtomicValue<*>}  value
              ^

./src/selectors/dataTypes/castToType.js:1: WARNING - Failed to load module "./casting/tryCastToType"
import tryCastToType from './casting/tryCastToType';
^

./src/selectors/dataTypes/castToType.js:3: WARNING - Failed to load module "./AtomicValue"
 * @param   {!./AtomicValue<*>}  value
              ^

./src/selectors/dataTypes/castToType.js:5: WARNING - Failed to load module "./AtomicValue"
 * @return  {!./AtomicValue<*>}
              ^

./src/selectors/dataTypes/casting/AtomicValueDataType.js:2: WARNING - Failed to load module "../valueTypes/DateTime"
 * @typedef {number|string|boolean|!../valueTypes/DateTime|!../valueTypes/Duration|!../valueTypes/QName}
                                    ^

./src/selectors/dataTypes/casting/AtomicValueDataType.js:2: WARNING - Failed to load module "../valueTypes/Duration"
 * @typedef {number|string|boolean|!../valueTypes/DateTime|!../valueTypes/Duration|!../valueTypes/QName}
                                                            ^

./src/selectors/dataTypes/casting/AtomicValueDataType.js:2: WARNING - Failed to load module "../valueTypes/QName"
 * @typedef {number|string|boolean|!../valueTypes/DateTime|!../valueTypes/Duration|!../valueTypes/QName}
                                                                                    ^

./src/selectors/dataTypes/casting/castToAnyURI.js:1: WARNING - Failed to load module "../createAtomicValue"
import createAtomicValue from '../createAtomicValue';
^

./src/selectors/dataTypes/casting/castToAnyURI.js:7: WARNING - Failed to load module "./AtomicValueDataType"
 * @return {function (./AtomicValueDataType) : ({successful: boolean, value: ../AtomicValue}|{successful: boolean, error: !Error})}
                      ^

./src/selectors/dataTypes/casting/castToAnyURI.js:7: WARNING - Failed to load module "../AtomicValue"
 * @return {function (./AtomicValueDataType) : ({successful: boolean, value: ../AtomicValue}|{successful: boolean, error: !Error})}
                                                                             ^

./src/selectors/dataTypes/casting/castToBase64Binary.js:1: WARNING - Failed to load module "../createAtomicValue"
import createAtomicValue from '../createAtomicValue';
^

./src/selectors/dataTypes/casting/castToBase64Binary.js:15: WARNING - Failed to load module "./AtomicValueDataType"
 * @return {function (./AtomicValueDataType) : ({successful: boolean, value: ../AtomicValue}|{successful: boolean, error: !Error})}
                      ^

./src/selectors/dataTypes/casting/castToBase64Binary.js:15: WARNING - Failed to load module "../AtomicValue"
 * @return {function (./AtomicValueDataType) : ({successful: boolean, value: ../AtomicValue}|{successful: boolean, error: !Error})}
                                                                             ^

./src/selectors/dataTypes/casting/castToBoolean.js:1: WARNING - Failed to load module "../createAtomicValue"
import { trueBoolean, falseBoolean } from '../createAtomicValue';
^

./src/selectors/dataTypes/casting/castToBoolean.js:5: WARNING - Failed to load module "./AtomicValueDataType"
 * @return {function (./AtomicValueDataType) : ({successful: boolean, value: ../AtomicValue}|{successful: boolean, error: !Error})}
                      ^

./src/selectors/dataTypes/casting/castToBoolean.js:5: WARNING - Failed to load module "../AtomicValue"
 * @return {function (./AtomicValueDataType) : ({successful: boolean, value: ../AtomicValue}|{successful: boolean, error: !Error})}
                                                                             ^

./src/selectors/dataTypes/casting/castToDate.js:1: WARNING - Failed to load module "../createAtomicValue"
import createAtomicValue from '../createAtomicValue';
^

./src/selectors/dataTypes/casting/castToDate.js:2: WARNING - Failed to load module "../valueTypes/DateTime"
import DateTime from '../valueTypes/DateTime';
^

./src/selectors/dataTypes/casting/castToDate.js:8: WARNING - Failed to load module "./AtomicValueDataType"
 * @return {function (./AtomicValueDataType) : ({successful: boolean, value: ../AtomicValue}|{successful: boolean, error: !Error})}
                      ^

./src/selectors/dataTypes/casting/castToDate.js:8: WARNING - Failed to load module "../AtomicValue"
 * @return {function (./AtomicValueDataType) : ({successful: boolean, value: ../AtomicValue}|{successful: boolean, error: !Error})}
                                                                             ^

./src/selectors/dataTypes/casting/castToDateTime.js:1: WARNING - Failed to load module "../createAtomicValue"
import createAtomicValue from '../createAtomicValue';
^

./src/selectors/dataTypes/casting/castToDateTime.js:2: WARNING - Failed to load module "../valueTypes/DateTime"
import DateTime from '../valueTypes/DateTime';
^

./src/selectors/dataTypes/casting/castToDateTime.js:8: WARNING - Failed to load module "./AtomicValueDataType"
 * @return {function (./AtomicValueDataType) : ({successful: boolean, value: ../AtomicValue}|{successful: boolean, error: !Error})}
                      ^

./src/selectors/dataTypes/casting/castToDateTime.js:8: WARNING - Failed to load module "../AtomicValue"
 * @return {function (./AtomicValueDataType) : ({successful: boolean, value: ../AtomicValue}|{successful: boolean, error: !Error})}
                                                                             ^

./src/selectors/dataTypes/casting/castToDayTimeDuration.js:1: WARNING - Failed to load module "../createAtomicValue"
import createAtomicValue from '../createAtomicValue';
^

./src/selectors/dataTypes/casting/castToDayTimeDuration.js:2: WARNING - Failed to load module "../valueTypes/Duration"
import Duration from '../valueTypes/Duration';
^

./src/selectors/dataTypes/casting/castToDayTimeDuration.js:8: WARNING - Failed to load module "./AtomicValueDataType"
 * @return {function (./AtomicValueDataType) : ({successful: boolean, value: ../AtomicValue}|{successful: boolean, error: !Error})}
                      ^

./src/selectors/dataTypes/casting/castToDayTimeDuration.js:8: WARNING - Failed to load module "../AtomicValue"
 * @return {function (./AtomicValueDataType) : ({successful: boolean, value: ../AtomicValue}|{successful: boolean, error: !Error})}
                                                                             ^

./src/selectors/dataTypes/casting/castToDecimal.js:1: WARNING - Failed to load module "../createAtomicValue"
import createAtomicValue from '../createAtomicValue';
^

./src/selectors/dataTypes/casting/castToDecimal.js:5: WARNING - Failed to load module "./AtomicValueDataType"
 * @return {function (./AtomicValueDataType) : ({successful: boolean, value: ../AtomicValue}|{successful: boolean, error: !Error})}
                      ^

./src/selectors/dataTypes/casting/castToDecimal.js:5: WARNING - Failed to load module "../AtomicValue"
 * @return {function (./AtomicValueDataType) : ({successful: boolean, value: ../AtomicValue}|{successful: boolean, error: !Error})}
                                                                             ^

./src/selectors/dataTypes/casting/castToDouble.js:1: WARNING - Failed to load module "./castToFloatLikeType"
import castToFloatLikeType from './castToFloatLikeType';
^

./src/selectors/dataTypes/casting/castToDouble.js:2: WARNING - Failed to load module "../createAtomicValue"
import createAtomicValue from '../createAtomicValue';
^

./src/selectors/dataTypes/casting/castToDouble.js:6: WARNING - Failed to load module "./AtomicValueDataType"
 * @return {function (./AtomicValueDataType) : ({successful: boolean, value: ../AtomicValue}|{successful: boolean, error: !Error})}
                      ^

./src/selectors/dataTypes/casting/castToDouble.js:6: WARNING - Failed to load module "../AtomicValue"
 * @return {function (./AtomicValueDataType) : ({successful: boolean, value: ../AtomicValue}|{successful: boolean, error: !Error})}
                                                                             ^

./src/selectors/dataTypes/casting/castToDouble.js:10: WARNING - Failed to load module "./AtomicValueDataType"
	 * @type {function (./AtomicValueDataType) : ({successful: boolean, value: ../AtomicValue}|{successful: boolean, error: !Error})}
	                    ^

./src/selectors/dataTypes/casting/castToDouble.js:10: WARNING - Failed to load module "../AtomicValue"
	 * @type {function (./AtomicValueDataType) : ({successful: boolean, value: ../AtomicValue}|{successful: boolean, error: !Error})}
	                                                                           ^

./src/selectors/dataTypes/casting/castToDuration.js:1: WARNING - Failed to load module "../createAtomicValue"
import createAtomicValue from '../createAtomicValue';
^

./src/selectors/dataTypes/casting/castToDuration.js:2: WARNING - Failed to load module "../valueTypes/Duration"
import Duration from '../valueTypes/Duration';
^

./src/selectors/dataTypes/casting/castToDuration.js:8: WARNING - Failed to load module "./AtomicValueDataType"
 * @return {function (./AtomicValueDataType) : ({successful: boolean, value: ../AtomicValue}|{successful: boolean, error: !Error})}
                      ^

./src/selectors/dataTypes/casting/castToDuration.js:8: WARNING - Failed to load module "../AtomicValue"
 * @return {function (./AtomicValueDataType) : ({successful: boolean, value: ../AtomicValue}|{successful: boolean, error: !Error})}
                                                                             ^

./src/selectors/dataTypes/casting/castToFloat.js:1: WARNING - Failed to load module "./castToFloatLikeType"
import castToFloatLikeType from './castToFloatLikeType';
^

./src/selectors/dataTypes/casting/castToFloat.js:2: WARNING - Failed to load module "../createAtomicValue"
import createAtomicValue from '../createAtomicValue';
^

./src/selectors/dataTypes/casting/castToFloat.js:6: WARNING - Failed to load module "./AtomicValueDataType"
 * @return {function (./AtomicValueDataType) : ({successful: boolean, value: ../AtomicValue}|{successful: boolean, error: !Error})}
                      ^

./src/selectors/dataTypes/casting/castToFloat.js:6: WARNING - Failed to load module "../AtomicValue"
 * @return {function (./AtomicValueDataType) : ({successful: boolean, value: ../AtomicValue}|{successful: boolean, error: !Error})}
                                                                             ^

./src/selectors/dataTypes/casting/castToFloat.js:10: WARNING - Failed to load module "./AtomicValueDataType"
	 * @type {function (./AtomicValueDataType) : ({successful: boolean, value: ../AtomicValue}|{successful: boolean, error: !Error})}
	                    ^

./src/selectors/dataTypes/casting/castToFloat.js:10: WARNING - Failed to load module "../AtomicValue"
	 * @type {function (./AtomicValueDataType) : ({successful: boolean, value: ../AtomicValue}|{successful: boolean, error: !Error})}
	                                                                           ^

./src/selectors/dataTypes/casting/castToFloatLikeType.js:3: WARNING - Failed to load module "./AtomicValueDataType"
 * @return {function (./AtomicValueDataType) : ({successful: boolean, value: ../AtomicValue}|{successful: boolean, error: !Error})}
                      ^

./src/selectors/dataTypes/casting/castToFloatLikeType.js:3: WARNING - Failed to load module "../AtomicValue"
 * @return {function (./AtomicValueDataType) : ({successful: boolean, value: ../AtomicValue}|{successful: boolean, error: !Error})}
                                                                             ^

./src/selectors/dataTypes/casting/castToGDay.js:1: WARNING - Failed to load module "../createAtomicValue"
import createAtomicValue from '../createAtomicValue';
^

./src/selectors/dataTypes/casting/castToGDay.js:2: WARNING - Failed to load module "../valueTypes/DateTime"
import DateTime from '../valueTypes/DateTime';
^

./src/selectors/dataTypes/casting/castToGDay.js:8: WARNING - Failed to load module "./AtomicValueDataType"
 * @return {function (./AtomicValueDataType) : ({successful: boolean, value: ../AtomicValue}|{successful: boolean, error: !Error})}
                      ^

./src/selectors/dataTypes/casting/castToGDay.js:8: WARNING - Failed to load module "../AtomicValue"
 * @return {function (./AtomicValueDataType) : ({successful: boolean, value: ../AtomicValue}|{successful: boolean, error: !Error})}
                                                                             ^

./src/selectors/dataTypes/casting/castToGMonth.js:1: WARNING - Failed to load module "../createAtomicValue"
import createAtomicValue from '../createAtomicValue';
^

./src/selectors/dataTypes/casting/castToGMonth.js:2: WARNING - Failed to load module "../valueTypes/DateTime"
import DateTime from '../valueTypes/DateTime';
^

./src/selectors/dataTypes/casting/castToGMonth.js:8: WARNING - Failed to load module "./AtomicValueDataType"
 * @return {function (./AtomicValueDataType) : ({successful: boolean, value: ../AtomicValue}|{successful: boolean, error: !Error})}
                      ^

./src/selectors/dataTypes/casting/castToGMonth.js:8: WARNING - Failed to load module "../AtomicValue"
 * @return {function (./AtomicValueDataType) : ({successful: boolean, value: ../AtomicValue}|{successful: boolean, error: !Error})}
                                                                             ^

./src/selectors/dataTypes/casting/castToGMonthDay.js:1: WARNING - Failed to load module "../createAtomicValue"
import createAtomicValue from '../createAtomicValue';
^

./src/selectors/dataTypes/casting/castToGMonthDay.js:2: WARNING - Failed to load module "../valueTypes/DateTime"
import DateTime from '../valueTypes/DateTime';
^

./src/selectors/dataTypes/casting/castToGMonthDay.js:8: WARNING - Failed to load module "./AtomicValueDataType"
 * @return {function (./AtomicValueDataType) : ({successful: boolean, value: ../AtomicValue}|{successful: boolean, error: !Error})}
                      ^

./src/selectors/dataTypes/casting/castToGMonthDay.js:8: WARNING - Failed to load module "../AtomicValue"
 * @return {function (./AtomicValueDataType) : ({successful: boolean, value: ../AtomicValue}|{successful: boolean, error: !Error})}
                                                                             ^

./src/selectors/dataTypes/casting/castToGYear.js:1: WARNING - Failed to load module "../createAtomicValue"
import createAtomicValue from '../createAtomicValue';
^

./src/selectors/dataTypes/casting/castToGYear.js:2: WARNING - Failed to load module "../valueTypes/DateTime"
import DateTime from '../valueTypes/DateTime';
^

./src/selectors/dataTypes/casting/castToGYear.js:8: WARNING - Failed to load module "./AtomicValueDataType"
 * @return {function (./AtomicValueDataType) : ({successful: boolean, value: ../AtomicValue}|{successful: boolean, error: !Error})}
                      ^

./src/selectors/dataTypes/casting/castToGYear.js:8: WARNING - Failed to load module "../AtomicValue"
 * @return {function (./AtomicValueDataType) : ({successful: boolean, value: ../AtomicValue}|{successful: boolean, error: !Error})}
                                                                             ^

./src/selectors/dataTypes/casting/castToGYearMonth.js:1: WARNING - Failed to load module "../createAtomicValue"
import createAtomicValue from '../createAtomicValue';
^

./src/selectors/dataTypes/casting/castToGYearMonth.js:2: WARNING - Failed to load module "../valueTypes/DateTime"
import DateTime from '../valueTypes/DateTime';
^

./src/selectors/dataTypes/casting/castToGYearMonth.js:8: WARNING - Failed to load module "./AtomicValueDataType"
 * @return {function (./AtomicValueDataType) : ({successful: boolean, value: ../AtomicValue}|{successful: boolean, error: !Error})}
                      ^

./src/selectors/dataTypes/casting/castToGYearMonth.js:8: WARNING - Failed to load module "../AtomicValue"
 * @return {function (./AtomicValueDataType) : ({successful: boolean, value: ../AtomicValue}|{successful: boolean, error: !Error})}
                                                                             ^

./src/selectors/dataTypes/casting/castToHexBinary.js:1: WARNING - Failed to load module "../createAtomicValue"
import createAtomicValue from '../createAtomicValue';
^

./src/selectors/dataTypes/casting/castToHexBinary.js:15: WARNING - Failed to load module "./AtomicValueDataType"
 * @return {function (./AtomicValueDataType) : ({successful: boolean, value: ../AtomicValue}|{successful: boolean, error: !Error})}
                      ^

./src/selectors/dataTypes/casting/castToHexBinary.js:15: WARNING - Failed to load module "../AtomicValue"
 * @return {function (./AtomicValueDataType) : ({successful: boolean, value: ../AtomicValue}|{successful: boolean, error: !Error})}
                                                                             ^

./src/selectors/dataTypes/casting/castToInteger.js:1: WARNING - Failed to load module "../createAtomicValue"
import createAtomicValue from '../createAtomicValue';
^

./src/selectors/dataTypes/casting/castToInteger.js:7: WARNING - Failed to load module "./AtomicValueDataType"
 * @return {function (./AtomicValueDataType) : ({successful: boolean, value: ../AtomicValue}|{successful: boolean, error: !Error})}
                      ^

./src/selectors/dataTypes/casting/castToInteger.js:7: WARNING - Failed to load module "../AtomicValue"
 * @return {function (./AtomicValueDataType) : ({successful: boolean, value: ../AtomicValue}|{successful: boolean, error: !Error})}
                                                                             ^

./src/selectors/dataTypes/casting/castToString.js:1: WARNING - Failed to load module "./castToStringLikeType"
import castToStringLikeType from './castToStringLikeType';
^

./src/selectors/dataTypes/casting/castToString.js:2: WARNING - Failed to load module "../createAtomicValue"
import createAtomicValue from '../createAtomicValue';
^

./src/selectors/dataTypes/casting/castToString.js:6: WARNING - Failed to load module "./AtomicValueDataType"
 * @return {function (./AtomicValueDataType) : ({successful: boolean, value: ../AtomicValue}|{successful: boolean, error: !Error})}
                      ^

./src/selectors/dataTypes/casting/castToString.js:6: WARNING - Failed to load module "../AtomicValue"
 * @return {function (./AtomicValueDataType) : ({successful: boolean, value: ../AtomicValue}|{successful: boolean, error: !Error})}
                                                                             ^

./src/selectors/dataTypes/casting/castToString.js:10: WARNING - Failed to load module "./AtomicValueDataType"
	 * @type {function (./AtomicValueDataType) : ({successful: boolean, value: ../AtomicValue}|{successful: boolean, error: !Error})}
	                    ^

./src/selectors/dataTypes/casting/castToString.js:10: WARNING - Failed to load module "../AtomicValue"
	 * @type {function (./AtomicValueDataType) : ({successful: boolean, value: ../AtomicValue}|{successful: boolean, error: !Error})}
	                                                                           ^

./src/selectors/dataTypes/casting/castToStringLikeType.js:3: WARNING - Failed to load module "./AtomicValueDataType"
 * @return {function (./AtomicValueDataType) : ({successful: boolean, value: ../AtomicValue}|{successful: boolean, error: !Error})}
                      ^

./src/selectors/dataTypes/casting/castToStringLikeType.js:3: WARNING - Failed to load module "../AtomicValue"
 * @return {function (./AtomicValueDataType) : ({successful: boolean, value: ../AtomicValue}|{successful: boolean, error: !Error})}
                                                                             ^

./src/selectors/dataTypes/casting/castToTime.js:1: WARNING - Failed to load module "../createAtomicValue"
import createAtomicValue from '../createAtomicValue';
^

./src/selectors/dataTypes/casting/castToTime.js:2: WARNING - Failed to load module "../valueTypes/DateTime"
import DateTime from '../valueTypes/DateTime';
^

./src/selectors/dataTypes/casting/castToTime.js:8: WARNING - Failed to load module "./AtomicValueDataType"
 * @return {function (./AtomicValueDataType) : ({successful: boolean, value: ../AtomicValue}|{successful: boolean, error: !Error})}
                      ^

./src/selectors/dataTypes/casting/castToTime.js:8: WARNING - Failed to load module "../AtomicValue"
 * @return {function (./AtomicValueDataType) : ({successful: boolean, value: ../AtomicValue}|{successful: boolean, error: !Error})}
                                                                             ^

./src/selectors/dataTypes/casting/castToUntypedAtomic.js:1: WARNING - Failed to load module "./castToStringLikeType"
import castToStringLikeType from './castToStringLikeType';
^

./src/selectors/dataTypes/casting/castToUntypedAtomic.js:2: WARNING - Failed to load module "../createAtomicValue"
import createAtomicValue from '../createAtomicValue';
^

./src/selectors/dataTypes/casting/castToUntypedAtomic.js:6: WARNING - Failed to load module "./AtomicValueDataType"
 * @return {function (./AtomicValueDataType) : ({successful: boolean, value: ../AtomicValue}|{successful: boolean, error: !Error})}
                      ^

./src/selectors/dataTypes/casting/castToUntypedAtomic.js:6: WARNING - Failed to load module "../AtomicValue"
 * @return {function (./AtomicValueDataType) : ({successful: boolean, value: ../AtomicValue}|{successful: boolean, error: !Error})}
                                                                             ^

./src/selectors/dataTypes/casting/castToUntypedAtomic.js:10: WARNING - Failed to load module "./AtomicValueDataType"
	 * @type {function (./AtomicValueDataType) : ({successful: boolean, value: ../AtomicValue}|{successful: boolean, error: !Error})}
	                    ^

./src/selectors/dataTypes/casting/castToUntypedAtomic.js:10: WARNING - Failed to load module "../AtomicValue"
	 * @type {function (./AtomicValueDataType) : ({successful: boolean, value: ../AtomicValue}|{successful: boolean, error: !Error})}
	                                                                           ^

./src/selectors/dataTypes/casting/castToYearMonthDuration.js:1: WARNING - Failed to load module "../createAtomicValue"
import createAtomicValue from '../createAtomicValue';
^

./src/selectors/dataTypes/casting/castToYearMonthDuration.js:2: WARNING - Failed to load module "../valueTypes/Duration"
import Duration from '../valueTypes/Duration';
^

./src/selectors/dataTypes/casting/castToYearMonthDuration.js:8: WARNING - Failed to load module "./AtomicValueDataType"
 * @return {function (./AtomicValueDataType) : ({successful: boolean, value: ../AtomicValue}|{successful: boolean, error: !Error})}
                      ^

./src/selectors/dataTypes/casting/castToYearMonthDuration.js:8: WARNING - Failed to load module "../AtomicValue"
 * @return {function (./AtomicValueDataType) : ({successful: boolean, value: ../AtomicValue}|{successful: boolean, error: !Error})}
                                                                             ^

./src/selectors/dataTypes/casting/tryCastToType.js:1: WARNING - Failed to load module "../typeHelpers"
import {
^

./src/selectors/dataTypes/casting/tryCastToType.js:8: WARNING - Failed to load module "../isSubtypeOf"
import isSubtypeOf from '../isSubtypeOf';
^

./src/selectors/dataTypes/casting/tryCastToType.js:10: WARNING - Failed to load module "../createAtomicValue"
import createAtomicValue from '../createAtomicValue';
^

./src/selectors/dataTypes/casting/tryCastToType.js:12: WARNING - Failed to load module "./castToAnyURI"
import castToAnyURI from './castToAnyURI';
^

./src/selectors/dataTypes/casting/tryCastToType.js:13: WARNING - Failed to load module "./castToBase64Binary"
import castToBase64Binary from './castToBase64Binary';
^

./src/selectors/dataTypes/casting/tryCastToType.js:14: WARNING - Failed to load module "./castToBoolean"
import castToBoolean from './castToBoolean';
^

./src/selectors/dataTypes/casting/tryCastToType.js:15: WARNING - Failed to load module "./castToDate"
import castToDate from './castToDate';
^

./src/selectors/dataTypes/casting/tryCastToType.js:16: WARNING - Failed to load module "./castToDateTime"
import castToDateTime from './castToDateTime';
^

./src/selectors/dataTypes/casting/tryCastToType.js:17: WARNING - Failed to load module "./castToDayTimeDuration"
import castToDayTimeDuration from './castToDayTimeDuration';
^

./src/selectors/dataTypes/casting/tryCastToType.js:18: WARNING - Failed to load module "./castToDecimal"
import castToDecimal from './castToDecimal';
^

./src/selectors/dataTypes/casting/tryCastToType.js:19: WARNING - Failed to load module "./castToDouble"
import castToDouble from './castToDouble';
^

./src/selectors/dataTypes/casting/tryCastToType.js:20: WARNING - Failed to load module "./castToDuration"
import castToDuration from './castToDuration';
^

./src/selectors/dataTypes/casting/tryCastToType.js:21: WARNING - Failed to load module "./castToFloat"
import castToFloat from './castToFloat';
^

./src/selectors/dataTypes/casting/tryCastToType.js:22: WARNING - Failed to load module "./castToGDay"
import castToGDay from './castToGDay';
^

./src/selectors/dataTypes/casting/tryCastToType.js:23: WARNING - Failed to load module "./castToGMonth"
import castToGMonth from './castToGMonth';
^

./src/selectors/dataTypes/casting/tryCastToType.js:24: WARNING - Failed to load module "./castToGMonthDay"
import castToGMonthDay from './castToGMonthDay';
^

./src/selectors/dataTypes/casting/tryCastToType.js:25: WARNING - Failed to load module "./castToGYear"
import castToGYear from './castToGYear';
^

./src/selectors/dataTypes/casting/tryCastToType.js:26: WARNING - Failed to load module "./castToGYearMonth"
import castToGYearMonth from './castToGYearMonth';
^

./src/selectors/dataTypes/casting/tryCastToType.js:27: WARNING - Failed to load module "./castToHexBinary"
import castToHexBinary from './castToHexBinary';
^

./src/selectors/dataTypes/casting/tryCastToType.js:28: WARNING - Failed to load module "./castToInteger"
import castToInteger from './castToInteger';
^

./src/selectors/dataTypes/casting/tryCastToType.js:29: WARNING - Failed to load module "./castToString"
import castToString from './castToString';
^

./src/selectors/dataTypes/casting/tryCastToType.js:30: WARNING - Failed to load module "./castToTime"
import castToTime from './castToTime';
^

./src/selectors/dataTypes/casting/tryCastToType.js:31: WARNING - Failed to load module "./castToUntypedAtomic"
import castToUntypedAtomic from './castToUntypedAtomic';
^

./src/selectors/dataTypes/casting/tryCastToType.js:32: WARNING - Failed to load module "./castToYearMonthDuration"
import castToYearMonthDuration from './castToYearMonthDuration';
^

./src/selectors/dataTypes/casting/tryCastToType.js:43: WARNING - Failed to load module "./AtomicValueDataType"
 * @return {function (./AtomicValueDataType) : ({successful: boolean, value: ../AtomicValue}|{successful: boolean, error: !Error})}}
                      ^

./src/selectors/dataTypes/casting/tryCastToType.js:43: WARNING - Failed to load module "../AtomicValue"
 * @return {function (./AtomicValueDataType) : ({successful: boolean, value: ../AtomicValue}|{successful: boolean, error: !Error})}}
                                                                             ^

./src/selectors/dataTypes/casting/tryCastToType.js:228: WARNING - Failed to load module "../AtomicValue"
 * @param     {!../AtomicValue<!./AtomicValueDataType>}  valueTuple
                ^

./src/selectors/dataTypes/casting/tryCastToType.js:228: WARNING - Failed to load module "./AtomicValueDataType"
 * @param     {!../AtomicValue<!./AtomicValueDataType>}  valueTuple
                                ^

./src/selectors/dataTypes/casting/tryCastToType.js:230: WARNING - Failed to load module "../AtomicValue"
 * @return    {{successful: boolean, value: !../AtomicValue<!./AtomicValueDataType>}|{successful: boolean, error: !Error}}
                                             ^

./src/selectors/dataTypes/casting/tryCastToType.js:230: WARNING - Failed to load module "./AtomicValueDataType"
 * @return    {{successful: boolean, value: !../AtomicValue<!./AtomicValueDataType>}|{successful: boolean, error: !Error}}
                                                             ^

./src/selectors/dataTypes/createAtomicValue.js:1: WARNING - Failed to load module "./builtins/builtinDataTypesByName"
import builtinDataTypesByName from './builtins/builtinDataTypesByName';
^

./src/selectors/dataTypes/createAtomicValue.js:5: WARNING - Failed to load module "./ETypeNames"
* @param    {./ETypeNames}  type
             ^

./src/selectors/dataTypes/createAtomicValue.js:6: WARNING - Failed to load module "./AtomicValue"
* @returns  {?./AtomicValue<*>}
              ^

./src/selectors/dataTypes/createNodeValue.js:1: WARNING - Failed to load module "./nodeValueCache"
import nodeValueCache from './nodeValueCache';
^

./src/selectors/dataTypes/documentOrderUtils.js:1: WARNING - Failed to load module "./isSubtypeOf"
import isSubtypeOf from './isSubtypeOf';
^

./src/selectors/dataTypes/documentOrderUtils.js:158: WARNING - Failed to load module "./Value"
 * @param	{!Array<!./Value>}    nodeValues
         	         ^

./src/selectors/dataTypes/documentOrderUtils.js:160: WARNING - Failed to load module "./Value"
 * @return  {!Array<!./Value>}    The sorted nodes
                     ^

./src/selectors/dataTypes/facets/comparators/dateTimeComparator.js:1: WARNING - Failed to load module "../../valueTypes/DateTime"
import DateTime from '../../valueTypes/DateTime';
^

./src/selectors/dataTypes/facets/comparators/durationComparator.js:1: WARNING - Failed to load module "../../valueTypes/Duration"
import Duration from '../../valueTypes/Duration';
^

./src/selectors/dataTypes/facets/facetsByDataTypeName.js:1: WARNING - Failed to load module "./comparators/decimalComparator"
import decimalComparator from './comparators/decimalComparator';
^

./src/selectors/dataTypes/facets/facetsByDataTypeName.js:2: WARNING - Failed to load module "./comparators/doubleComparator"
import doubleComparator from './comparators/doubleComparator';
^

./src/selectors/dataTypes/facets/facetsByDataTypeName.js:3: WARNING - Failed to load module "./comparators/dateTimeComparator"
import dateTimeComparator from './comparators/dateTimeComparator';
^

./src/selectors/dataTypes/facets/facetsByDataTypeName.js:4: WARNING - Failed to load module "./comparators/durationComparator"
import durationComparator from './comparators/durationComparator';
^

./src/selectors/dataTypes/getEffectiveBooleanValue.js:1: WARNING - Failed to load module "./isSubtypeOf"
import isSubtypeOf from './isSubtypeOf';
^

./src/selectors/dataTypes/getEffectiveBooleanValue.js:4: WARNING - Failed to load module "./Value"
 * @param  {./Value}  value
            ^

./src/selectors/dataTypes/isSubtypeOf.js:1: WARNING - Failed to load module "./builtins/builtinDataTypesByName"
import builtinDataTypesByName from './builtins/builtinDataTypesByName';
^

./src/selectors/dataTypes/isSubtypeOf.js:4: WARNING - Failed to load module "./types/Type"
 * @param   {!./types/Type}  subType
              ^

./src/selectors/dataTypes/isSubtypeOf.js:5: WARNING - Failed to load module "./types/Type"
 * @param   {!./types/Type}  superType
              ^

./src/selectors/dataTypes/isSubtypeOf.js:30: WARNING - Failed to load module "./ETypeNames"
 * @param   {./ETypeNames}  subTypeName
             ^

./src/selectors/dataTypes/isSubtypeOf.js:31: WARNING - Failed to load module "./ETypeNames"
 * @param   {./ETypeNames}  superTypeName
             ^

./src/selectors/dataTypes/isSubtypeOf.js:41: WARNING - Failed to load module "./types/Type"
	 * @type {!./types/Type}
	           ^

./src/selectors/dataTypes/nodeValueCache.js:6: WARNING - Failed to load module "./Value"
 * @const {!Map<!Node, !./Value>}
                        ^

./src/selectors/dataTypes/nodeValueCache.js:8: WARNING - Misplaced type annotation. Type annotations are not allowed here. Are you missing parentheses?
export default new Map();
               ^^^^^^^^^

./src/selectors/dataTypes/promoteToType.js:1: WARNING - Failed to load module "./createAtomicValue"
import createAtomicValue from './createAtomicValue';
^

./src/selectors/dataTypes/promoteToType.js:2: WARNING - Failed to load module "./isSubtypeOf"
import isSubtypeOf from './isSubtypeOf';
^

./src/selectors/dataTypes/typeHelpers.js:1: WARNING - Failed to load module "./builtins/builtinDataTypesByName"
import builtinDataTypesByName from './builtins/builtinDataTypesByName';
^

./src/selectors/dataTypes/types/Type.js:16: WARNING - Failed to load module "../ETypeNames"
	 * @param  {../ETypeNames}                               name
	            ^

./src/selectors/dataTypes/valueTypes/DateTime.js:1: WARNING - Failed to load module "./Timezone"
import Timezone from './Timezone';
^

./src/selectors/functions/FunctionCall.js:1: WARNING - Failed to load module "./argumentListToString"
import argumentListToString from './argumentListToString';
^

./src/selectors/functions/FunctionCall.js:2: WARNING - Failed to load module "./argumentHelper"
import { transformArgument } from './argumentHelper';
^

./src/selectors/functions/FunctionCall.js:3: WARNING - Failed to load module "../Selector"
import Selector from '../Selector';
^

./src/selectors/functions/FunctionCall.js:4: WARNING - Failed to load module "../Specificity"
import Specificity from '../Specificity';
^

./src/selectors/functions/FunctionCall.js:5: WARNING - Failed to load module "../dataTypes/isSubtypeOf"
import isSubtypeOf from '../dataTypes/isSubtypeOf';
^

./src/selectors/functions/InlineFunction.js:1: WARNING - Failed to load module "../Selector"
import Selector from '../Selector';
^

./src/selectors/functions/InlineFunction.js:2: WARNING - Failed to load module "../Specificity"
import Specificity from '../Specificity';
^

./src/selectors/functions/InlineFunction.js:3: WARNING - Failed to load module "../dataTypes/Sequence"
import Sequence from '../dataTypes/Sequence';
^

./src/selectors/functions/InlineFunction.js:4: WARNING - Failed to load module "../dataTypes/FunctionValue"
import FunctionValue from '../dataTypes/FunctionValue';
^

./src/selectors/functions/InlineFunction.js:5: WARNING - Failed to load module "../util/createDoublyIterableSequence"
import createDoublyIterableSequence from '../util/createDoublyIterableSequence';
^

./src/selectors/functions/InlineFunction.js:39: WARNING - Failed to load module "../DynamicContext"
		 * @param   {../DynamicContext}           _unboundDynamicContext  The dynamic context at the moment of the function call
		             ^

./src/selectors/functions/InlineFunction.js:41: WARNING - Failed to load module "../dataTypes/Sequence"
		 * @param   {...!../dataTypes/Sequence}   parameters              The parameters of the function
		                 ^

./src/selectors/functions/InlineFunction.js:42: WARNING - Failed to load module "../dataTypes/Sequence"
		 * @return  {!../dataTypes/Sequence}      The result of the function call
		              ^

./src/selectors/functions/argumentHelper.js:1: WARNING - Failed to load module "../dataTypes/castToType"
import castToType from '../dataTypes/castToType';
^

./src/selectors/functions/argumentHelper.js:2: WARNING - Failed to load module "../dataTypes/promoteToType"
import promoteToType from '../dataTypes/promoteToType';
^

./src/selectors/functions/argumentHelper.js:3: WARNING - Failed to load module "../dataTypes/isSubtypeOf"
import isSubtypeOf from '../dataTypes/isSubtypeOf';
^

./src/selectors/functions/argumentHelper.js:4: WARNING - Failed to load module "../dataTypes/atomize"
import atomize from '../dataTypes/atomize';
^

./src/selectors/functions/argumentHelper.js:6: WARNING - Failed to load module "../dataTypes/Sequence"
import Sequence from '../dataTypes/Sequence';
^

./src/selectors/functions/argumentHelper.js:54: WARNING - Failed to load module "../DynamicContext"
 * @param   {!../DynamicContext}  dynamicContext
              ^

./src/selectors/functions/argumentListToString.js:1: WARNING - Failed to load module "../dataTypes/Sequence"
import Sequence from '../dataTypes/Sequence';
^

./src/selectors/functions/builtInFunctions.arrays.get.js:2: WARNING - Failed to load module "../DynamicContext"
 * @param  {!../DynamicContext}  _dynamicContext
             ^

./src/selectors/functions/builtInFunctions.arrays.get.js:3: WARNING - Failed to load module "../dataTypes/Sequence"
 * @param  {!../dataTypes/Sequence}        arraySequence
             ^

./src/selectors/functions/builtInFunctions.arrays.get.js:4: WARNING - Failed to load module "../dataTypes/Sequence"
 * @param  {!../dataTypes/Sequence}        positionSequence
             ^

./src/selectors/functions/builtInFunctions.arrays.get.js:5: WARNING - Failed to load module "../dataTypes/Sequence"
 * @return {!../dataTypes/Sequence}
             ^

./src/selectors/functions/builtInFunctions.arrays.js:1: WARNING - Failed to load module "./builtInFunctions.arrays.get"
import arrayGet from './builtInFunctions.arrays.get';
^

./src/selectors/functions/builtInFunctions.arrays.js:2: WARNING - Failed to load module "../dataTypes/isSubtypeOf"
import isSubtypeOf from '../dataTypes/isSubtypeOf';
^

./src/selectors/functions/builtInFunctions.arrays.js:3: WARNING - Failed to load module "../dataTypes/Sequence"
import Sequence from '../dataTypes/Sequence';
^

./src/selectors/functions/builtInFunctions.arrays.js:4: WARNING - Failed to load module "../dataTypes/createAtomicValue"
import createAtomicValue from '../dataTypes/createAtomicValue';
^

./src/selectors/functions/builtInFunctions.arrays.js:5: WARNING - Failed to load module "../dataTypes/ArrayValue"
import ArrayValue from '../dataTypes/ArrayValue';
^

./src/selectors/functions/builtInFunctions.arrays.js:6: WARNING - Failed to load module "../util/zipSingleton"
import zipSingleton from '../util/zipSingleton';
^

./src/selectors/functions/builtInFunctions.arrays.js:7: WARNING - Failed to load module "../util/concatSequences"
import concatSequences from '../util/concatSequences';
^

./src/selectors/functions/builtInFunctions.boolean.js:1: WARNING - Failed to load module "../dataTypes/Sequence"
import Sequence from '../dataTypes/Sequence';
^

./src/selectors/functions/builtInFunctions.boolean.js:2: WARNING - Failed to load module "../dataTypes/createAtomicValue"
import { trueBoolean, falseBoolean } from '../dataTypes/createAtomicValue';
^

./src/selectors/functions/builtInFunctions.context.js:1: WARNING - Failed to load module "../dataTypes/Sequence"
import Sequence from '../dataTypes/Sequence';
^

./src/selectors/functions/builtInFunctions.context.js:2: WARNING - Failed to load module "../dataTypes/createAtomicValue"
import createAtomicValue from '../dataTypes/createAtomicValue';
^

./src/selectors/functions/builtInFunctions.dataTypeConstructors.js:1: WARNING - Failed to load module "../dataTypes/Sequence"
import Sequence from '../dataTypes/Sequence';
^

./src/selectors/functions/builtInFunctions.dataTypeConstructors.js:2: WARNING - Failed to load module "../dataTypes/castToType"
import castToType from '../dataTypes/castToType';
^

./src/selectors/functions/builtInFunctions.dataTypeConstructors.js:3: WARNING - Failed to load module "../dataTypes/createAtomicValue"
import createAtomicValue from '../dataTypes/createAtomicValue';
^

./src/selectors/functions/builtInFunctions.dataTypeConstructors.js:4: WARNING - Failed to load module "../dataTypes/valueTypes/QName"
import QName from '../dataTypes/valueTypes/QName';
^

./src/selectors/functions/builtInFunctions.dataTypeConstructors.js:5: WARNING - Failed to load module "../dataTypes/isSubtypeOf"
import isSubtypeOf from '../dataTypes/isSubtypeOf';
^

./src/selectors/functions/builtInFunctions.dataTypeConstructors.js:6: WARNING - Failed to load module "../dataTypes/typeHelpers"
import { validatePattern, normalizeWhitespace } from '../dataTypes/typeHelpers';
^

./src/selectors/functions/builtInFunctions.debugging.js:1: WARNING - Failed to load module "../dataTypes/castToType"
import castToType from '../dataTypes/castToType';
^

./src/selectors/functions/builtInFunctions.debugging.js:2: WARNING - Failed to load module "../dataTypes/atomize"
import atomize from '../dataTypes/atomize';
^

./src/selectors/functions/builtInFunctions.debugging.js:3: WARNING - Failed to load module "../dataTypes/Sequence"
import Sequence from '../dataTypes/Sequence';
^

./src/selectors/functions/builtInFunctions.fontoxpath.js:1: WARNING - Failed to load module "../DynamicContext"
import DynamicContext from '../DynamicContext';
^

./src/selectors/functions/builtInFunctions.fontoxpath.js:2: WARNING - Failed to load module "../dataTypes/Sequence"
import Sequence from '../dataTypes/Sequence';
^

./src/selectors/functions/builtInFunctions.fontoxpath.js:3: WARNING - Failed to load module "../dataTypes/createNodeValue"
import createNodeValue from '../dataTypes/createNodeValue';
^

./src/selectors/functions/builtInFunctions.fontoxpath.js:4: WARNING - Failed to load module "../util/createDoublyIterableSequence"
import createDoublyIterableSequence from '../util/createDoublyIterableSequence';
^

./src/selectors/functions/builtInFunctions.fontoxpath.js:7: WARNING - Failed to load module "../DynamicContext"
 * @param  {../DynamicContext}      dynamicContext
            ^

./src/selectors/functions/builtInFunctions.fontoxpath.js:8: WARNING - Failed to load module "../dataTypes/Sequence"
 * @param  {../dataTypes/Sequence}  query
            ^

./src/selectors/functions/builtInFunctions.fontoxpath.js:9: WARNING - Failed to load module "../dataTypes/Sequence"
 * @param  {../dataTypes/Sequence}  args
            ^

./src/selectors/functions/builtInFunctions.identifiers.js:1: WARNING - Failed to load module "../dataTypes/isSubtypeOf"
import isSubtypeOf from '../dataTypes/isSubtypeOf';
^

./src/selectors/functions/builtInFunctions.identifiers.js:2: WARNING - Failed to load module "../dataTypes/createNodeValue"
import createNodeValue from '../dataTypes/createNodeValue';
^

./src/selectors/functions/builtInFunctions.identifiers.js:3: WARNING - Failed to load module "../dataTypes/Sequence"
import Sequence from '../dataTypes/Sequence';
^

./src/selectors/functions/builtInFunctions.identifiers.js:18: WARNING - Failed to load module "../DynamicContext"
 * @param  {!../DynamicContext}      dynamicContext
             ^

./src/selectors/functions/builtInFunctions.identifiers.js:19: WARNING - Failed to load module "../dataTypes/Sequence"
 * @param  {!../dataTypes/Sequence}  idrefSequence
             ^

./src/selectors/functions/builtInFunctions.identifiers.js:20: WARNING - Failed to load module "../dataTypes/Sequence"
 * @param  {!../dataTypes/Sequence}  targetNodeSequence
             ^

./src/selectors/functions/builtInFunctions.identifiers.js:21: WARNING - Failed to load module "../dataTypes/Sequence"
 * @return  {!../dataTypes/Sequence}
              ^

./src/selectors/functions/builtInFunctions.identifiers.js:67: WARNING - Failed to load module "../DynamicContext"
 * @param  {!../DynamicContext}      dynamicContext
             ^

./src/selectors/functions/builtInFunctions.identifiers.js:68: WARNING - Failed to load module "../dataTypes/Sequence"
 * @param  {!../dataTypes/Sequence}  idSequence
             ^

./src/selectors/functions/builtInFunctions.identifiers.js:69: WARNING - Failed to load module "../dataTypes/Sequence"
 * @param  {!../dataTypes/Sequence}  targetNodeSequence
             ^

./src/selectors/functions/builtInFunctions.identifiers.js:70: WARNING - Failed to load module "../dataTypes/Sequence"
 * @return  {!../dataTypes/Sequence}
              ^

./src/selectors/functions/builtInFunctions.js:1: WARNING - Failed to load module "./builtInFunctions.arrays"
import builtInArrayFunctions from './builtInFunctions.arrays';
^

./src/selectors/functions/builtInFunctions.js:2: WARNING - Failed to load module "./builtInFunctions.boolean"
import builtInBooleanFunctions from './builtInFunctions.boolean';
^

./src/selectors/functions/builtInFunctions.js:3: WARNING - Failed to load module "./builtInFunctions.context"
import builtInContextFunctions from './builtInFunctions.context';
^

./src/selectors/functions/builtInFunctions.js:4: WARNING - Failed to load module "./builtInFunctions.dataTypeConstructors"
import builtInDataTypeConstructors from './builtInFunctions.dataTypeConstructors';
^

./src/selectors/functions/builtInFunctions.js:5: WARNING - Failed to load module "./builtInFunctions.debugging"
import builtInDebuggingFunctions from './builtInFunctions.debugging';
^

./src/selectors/functions/builtInFunctions.js:6: WARNING - Failed to load module "./builtInFunctions.identifiers"
import builtInIdentifierFunctions from './builtInFunctions.identifiers';
^

./src/selectors/functions/builtInFunctions.js:7: WARNING - Failed to load module "./builtInFunctions.json"
import builtInJsonFunctions from './builtInFunctions.json';
^

./src/selectors/functions/builtInFunctions.js:8: WARNING - Failed to load module "./builtInFunctions.maps"
import builtInMapFunctions from './builtInFunctions.maps';
^

./src/selectors/functions/builtInFunctions.js:9: WARNING - Failed to load module "./builtInFunctions.math"
import builtInMathFunctions from './builtInFunctions.math';
^

./src/selectors/functions/builtInFunctions.js:10: WARNING - Failed to load module "./builtInFunctions.node"
import builtInNodeFunctions from './builtInFunctions.node';
^

./src/selectors/functions/builtInFunctions.js:11: WARNING - Failed to load module "./builtInFunctions.numeric"
import builtInNumericFunctions from './builtInFunctions.numeric';
^

./src/selectors/functions/builtInFunctions.js:12: WARNING - Failed to load module "./builtInFunctions.operators"
import builtInOperatorFunctions from './builtInFunctions.operators';
^

./src/selectors/functions/builtInFunctions.js:13: WARNING - Failed to load module "./builtInFunctions.qnames"
import builtInQNameFunctions from './builtInFunctions.qnames';
^

./src/selectors/functions/builtInFunctions.js:14: WARNING - Failed to load module "./builtInFunctions.sequences"
import builtInSequencesFunctions from './builtInFunctions.sequences';
^

./src/selectors/functions/builtInFunctions.js:15: WARNING - Failed to load module "./builtInFunctions.string"
import builtInStringFunctions from './builtInFunctions.string';
^

./src/selectors/functions/builtInFunctions.js:17: WARNING - Failed to load module "./builtInFunctions.fontoxpath"
import builtInFontoxpathFunctions from './builtInFunctions.fontoxpath';
^

./src/selectors/functions/builtInFunctions.js:19: WARNING - Failed to load module "../dataTypes/Sequence"
import Sequence from '../dataTypes/Sequence';
^

./src/selectors/functions/builtInFunctions.js:20: WARNING - Failed to load module "../DynamicContext"
import DynamicContext from '../DynamicContext';
^

./src/selectors/functions/builtInFunctions.js:25: WARNING - Misplaced type annotation. Type annotations are not allowed here. Are you missing parentheses?
export default [].concat(
               ^^^^^^^^^^

./src/selectors/functions/builtInFunctions.json.js:1: WARNING - Failed to load module "../dataTypes/Sequence"
import Sequence from '../dataTypes/Sequence';
^

./src/selectors/functions/builtInFunctions.json.js:2: WARNING - Failed to load module "../dataTypes/createAtomicValue"
import createAtomicValue from '../dataTypes/createAtomicValue';
^

./src/selectors/functions/builtInFunctions.json.js:3: WARNING - Failed to load module "../dataTypes/ArrayValue"
import ArrayValue from '../dataTypes/ArrayValue';
^

./src/selectors/functions/builtInFunctions.json.js:4: WARNING - Failed to load module "../dataTypes/MapValue"
import MapValue from '../dataTypes/MapValue';
^

./src/selectors/functions/builtInFunctions.maps.get.js:1: WARNING - Failed to load module "./isSameMapKey"
import isSameMapKey from './isSameMapKey';
^

./src/selectors/functions/builtInFunctions.maps.get.js:2: WARNING - Failed to load module "../dataTypes/Sequence"
import Sequence from '../dataTypes/Sequence';
^

./src/selectors/functions/builtInFunctions.maps.get.js:3: WARNING - Failed to load module "../DynamicContext"
import DynamicContext from '../DynamicContext';
^

./src/selectors/functions/builtInFunctions.maps.get.js:4: WARNING - Failed to load module "../util/zipSingleton"
import zipSingleton from '../util/zipSingleton';
^

./src/selectors/functions/builtInFunctions.maps.js:1: WARNING - Failed to load module "./isSameMapKey"
import isSameMapKey from './isSameMapKey';
^

./src/selectors/functions/builtInFunctions.maps.js:2: WARNING - Failed to load module "./builtInFunctions.maps.get"
import mapGet from './builtInFunctions.maps.get';
^

./src/selectors/functions/builtInFunctions.maps.js:3: WARNING - Failed to load module "../dataTypes/Sequence"
import Sequence from '../dataTypes/Sequence';
^

./src/selectors/functions/builtInFunctions.maps.js:4: WARNING - Failed to load module "../dataTypes/createAtomicValue"
import createAtomicValue from '../dataTypes/createAtomicValue';
^

./src/selectors/functions/builtInFunctions.maps.js:5: WARNING - Failed to load module "../dataTypes/MapValue"
import MapValue from '../dataTypes/MapValue';
^

./src/selectors/functions/builtInFunctions.maps.js:6: WARNING - Failed to load module "../util/zipSingleton"
import zipSingleton from '../util/zipSingleton';
^

./src/selectors/functions/builtInFunctions.math.js:1: WARNING - Failed to load module "../dataTypes/Sequence"
import Sequence from '../dataTypes/Sequence';
^

./src/selectors/functions/builtInFunctions.math.js:2: WARNING - Failed to load module "../dataTypes/createAtomicValue"
import createAtomicValue from '../dataTypes/createAtomicValue';
^

./src/selectors/functions/builtInFunctions.node.js:1: WARNING - Failed to load module "./builtInFunctions.string"
import builtinStringFunctions from './builtInFunctions.string';
^

./src/selectors/functions/builtInFunctions.node.js:2: WARNING - Failed to load module "../dataTypes/Sequence"
import Sequence from '../dataTypes/Sequence';
^

./src/selectors/functions/builtInFunctions.node.js:3: WARNING - Failed to load module "../dataTypes/documentOrderUtils"
import { sortNodeValues } from '../dataTypes/documentOrderUtils';
^

./src/selectors/functions/builtInFunctions.node.js:4: WARNING - Failed to load module "../dataTypes/createAtomicValue"
import createAtomicValue from '../dataTypes/createAtomicValue';
^

./src/selectors/functions/builtInFunctions.node.js:5: WARNING - Failed to load module "../dataTypes/valueTypes/QName"
import QName from '../dataTypes/valueTypes/QName';
^

./src/selectors/functions/builtInFunctions.node.js:7: WARNING - Failed to load module "../DynamicContext"
 * @type {function(../DynamicContext, !Sequence): !Sequence}
                   ^

./src/selectors/functions/builtInFunctions.numeric.js:1: WARNING - Failed to load module "../dataTypes/isSubtypeOf"
import isSubtypeOf from '../dataTypes/isSubtypeOf';
^

./src/selectors/functions/builtInFunctions.numeric.js:2: WARNING - Failed to load module "../dataTypes/castToType"
import castToType from '../dataTypes/castToType';
^

./src/selectors/functions/builtInFunctions.numeric.js:3: WARNING - Failed to load module "../dataTypes/casting/tryCastToType"
import tryCastToType from '../dataTypes/casting/tryCastToType';
^

./src/selectors/functions/builtInFunctions.numeric.js:4: WARNING - Failed to load module "../dataTypes/Sequence"
import Sequence from '../dataTypes/Sequence';
^

./src/selectors/functions/builtInFunctions.numeric.js:5: WARNING - Failed to load module "../dataTypes/createAtomicValue"
import createAtomicValue from '../dataTypes/createAtomicValue';
^

./src/selectors/functions/builtInFunctions.numeric.js:6: WARNING - Failed to load module "../dataTypes/FunctionValue"
import FunctionValue from '../dataTypes/FunctionValue';
^

./src/selectors/functions/builtInFunctions.numeric.js:7: WARNING - Failed to load module "../dataTypes/MapValue"
import MapValue from '../dataTypes/MapValue';
^

./src/selectors/functions/builtInFunctions.numeric.js:8: WARNING - Failed to load module "./argumentHelper"
import { transformArgument } from './argumentHelper';
^

./src/selectors/functions/builtInFunctions.operators.js:1: WARNING - Failed to load module "../dataTypes/Sequence"
import Sequence from '../dataTypes/Sequence';
^

./src/selectors/functions/builtInFunctions.operators.js:2: WARNING - Failed to load module "../dataTypes/documentOrderUtils"
import { sortNodeValues } from '../dataTypes/documentOrderUtils';
^

./src/selectors/functions/builtInFunctions.operators.js:3: WARNING - Failed to load module "../dataTypes/createAtomicValue"
import createAtomicValue from '../dataTypes/createAtomicValue';
^

./src/selectors/functions/builtInFunctions.operators.js:56: WARNING - Failed to load module "../DynamicContext"
 * @param   {../DynamicContext}  dynamicContext
             ^

./src/selectors/functions/builtInFunctions.operators.js:57: WARNING - Failed to load module "../dataTypes/Value"
 * @param   {!Sequence<!../dataTypes/Value>}  firstNodes
                        ^

./src/selectors/functions/builtInFunctions.operators.js:58: WARNING - Failed to load module "../dataTypes/Value"
 * @param   {!Sequence<!../dataTypes/Value>}  secondNodes
                        ^

./src/selectors/functions/builtInFunctions.operators.js:59: WARNING - Failed to load module "../dataTypes/Value"
 * @return  {!Sequence<!../dataTypes/Value>}
                        ^

./src/selectors/functions/builtInFunctions.operators.js:63: WARNING - Failed to load module "../dataTypes/Value"
	 * @type {!Array<!../dataTypes/Value>}
	                  ^

./src/selectors/functions/builtInFunctions.operators.js:77: WARNING - Failed to load module "../DynamicContext"
 * @param   {../DynamicContext}  dynamicContext
             ^

./src/selectors/functions/builtInFunctions.operators.js:78: WARNING - Failed to load module "../dataTypes/Value"
 * @param   {!Sequence<!../dataTypes/Value>}  firstNodes
                        ^

./src/selectors/functions/builtInFunctions.operators.js:79: WARNING - Failed to load module "../dataTypes/Value"
 * @param   {!Sequence<!../dataTypes/Value>}  secondNodes
                        ^

./src/selectors/functions/builtInFunctions.operators.js:80: WARNING - Failed to load module "../dataTypes/Value"
 * @return  {!Sequence<!../dataTypes/Value>}
                        ^

./src/selectors/functions/builtInFunctions.operators.js:84: WARNING - Failed to load module "../dataTypes/Value"
	 * @type {!Array<!../dataTypes/Value>}
	                  ^

./src/selectors/functions/builtInFunctions.qnames.js:1: WARNING - Failed to load module "../dataTypes/Sequence"
import Sequence from '../dataTypes/Sequence';
^

./src/selectors/functions/builtInFunctions.qnames.js:2: WARNING - Failed to load module "../dataTypes/createAtomicValue"
import createAtomicValue from '../dataTypes/createAtomicValue';
^

./src/selectors/functions/builtInFunctions.qnames.js:3: WARNING - Failed to load module "../dataTypes/valueTypes/QName"
import QName from '../dataTypes/valueTypes/QName';
^

./src/selectors/functions/builtInFunctions.qnames.js:4: WARNING - Failed to load module "../dataTypes/typeHelpers"
import { validatePattern } from '../dataTypes/typeHelpers';
^

./src/selectors/functions/builtInFunctions.sequences.deepEqual.js:1: WARNING - Failed to load module "../dataTypes/isSubtypeOf"
import isSubtypeOf from '../dataTypes/isSubtypeOf';
^

./src/selectors/functions/builtInFunctions.sequences.deepEqual.js:2: WARNING - Failed to load module "../dataTypes/Sequence"
import Sequence from '../dataTypes/Sequence';
^

./src/selectors/functions/builtInFunctions.sequences.deepEqual.js:3: WARNING - Failed to load module "../dataTypes/createNodeValue"
import createNodeValue from '../dataTypes/createNodeValue';
^

./src/selectors/functions/builtInFunctions.sequences.deepEqual.js:4: WARNING - Failed to load module "../dataTypes/atomize"
import atomize from '../dataTypes/atomize';
^

./src/selectors/functions/builtInFunctions.sequences.deepEqual.js:5: WARNING - Failed to load module "../dataTypes/castToType"
import castToType from '../dataTypes/castToType';
^

./src/selectors/functions/builtInFunctions.sequences.deepEqual.js:6: WARNING - Failed to load module "./builtInFunctions.node"
import builtInFunctionsNode from './builtInFunctions.node';
^

./src/selectors/functions/builtInFunctions.sequences.deepEqual.js:7: WARNING - Failed to load module "../util/createSingleValueIterator"
import createSingleValueIterator from '../util/createSingleValueIterator';
^

./src/selectors/functions/builtInFunctions.sequences.deepEqual.js:9: WARNING - Failed to load module "../DynamicContext"
 * @type {function(../DynamicContext, ../dataTypes/Sequence):../dataTypes/Sequence}
                   ^

./src/selectors/functions/builtInFunctions.sequences.deepEqual.js:9: WARNING - Failed to load module "../dataTypes/Sequence"
 * @type {function(../DynamicContext, ../dataTypes/Sequence):../dataTypes/Sequence}
                                      ^

./src/selectors/functions/builtInFunctions.sequences.deepEqual.js:9: WARNING - Failed to load module "../dataTypes/Sequence"
 * @type {function(../DynamicContext, ../dataTypes/Sequence):../dataTypes/Sequence}
                                                             ^

./src/selectors/functions/builtInFunctions.sequences.deepEqual.js:230: WARNING - Bad type annotation. type not recognized due to syntax error. See https://github.com/google/closure-compiler/wiki/Bad-Type-Annotation for more information.
 * @return  {}
             ^

./src/selectors/functions/builtInFunctions.sequences.js:1: WARNING - Failed to load module "../dataTypes/Sequence"
import Sequence from '../dataTypes/Sequence';
^

./src/selectors/functions/builtInFunctions.sequences.js:2: WARNING - Failed to load module "../dataTypes/castToType"
import castToType from '../dataTypes/castToType';
^

./src/selectors/functions/builtInFunctions.sequences.js:3: WARNING - Failed to load module "../dataTypes/isSubtypeOf"
import isSubtypeOf from '../dataTypes/isSubtypeOf';
^

./src/selectors/functions/builtInFunctions.sequences.js:4: WARNING - Failed to load module "../dataTypes/createAtomicValue"
import createAtomicValue from '../dataTypes/createAtomicValue';
^

./src/selectors/functions/builtInFunctions.sequences.js:5: WARNING - Failed to load module "../dataTypes/typeHelpers"
import { getPrimitiveTypeName } from '../dataTypes/typeHelpers';
^

./src/selectors/functions/builtInFunctions.sequences.js:6: WARNING - Failed to load module "./argumentHelper"
import { transformArgument } from './argumentHelper';
^

./src/selectors/functions/builtInFunctions.sequences.js:8: WARNING - Failed to load module "./builtInFunctions.sequences.deepEqual"
import sequenceDeepEqual from './builtInFunctions.sequences.deepEqual';
^

./src/selectors/functions/builtInFunctions.sequences.js:14: WARNING - Failed to load module "../dataTypes/Value"
	 * @type {!Iterator<!../dataTypes/Value>}
	                     ^

./src/selectors/functions/builtInFunctions.sequences.js:351: WARNING - Failed to load module "../dataTypes/FunctionValue"
	 * @type {../dataTypes/FunctionValue}
	          ^

./src/selectors/functions/builtInFunctions.string.js:1: WARNING - Failed to load module "../dataTypes/isSubtypeOf"
import isSubtypeOf from '../dataTypes/isSubtypeOf';
^

./src/selectors/functions/builtInFunctions.string.js:2: WARNING - Failed to load module "../dataTypes/Sequence"
import Sequence from '../dataTypes/Sequence';
^

./src/selectors/functions/builtInFunctions.string.js:3: WARNING - Failed to load module "../dataTypes/castToType"
import castToType from '../dataTypes/castToType';
^

./src/selectors/functions/builtInFunctions.string.js:4: WARNING - Failed to load module "../dataTypes/createAtomicValue"
import createAtomicValue from '../dataTypes/createAtomicValue';
^

./src/selectors/functions/builtInFunctions.string.js:5: WARNING - Failed to load module "../dataTypes/atomize"
import atomize from '../dataTypes/atomize';
^

./src/selectors/functions/builtInFunctions.string.js:6: WARNING - Failed to load module "../util/zipSingleton"
import zipSingleton from '../util/zipSingleton';
^

./src/selectors/functions/functionRegistry.js:1: WARNING - Failed to load module "./builtInFunctions"
import builtInFunctions from './builtInFunctions';
^

./src/selectors/functions/functionRegistry.js:2: WARNING - Failed to load module "../dataTypes/Sequence"
import Sequence from '../dataTypes/Sequence';
^

./src/selectors/functions/isSameMapKey.js:1: WARNING - Failed to load module "../dataTypes/isSubtypeOf"
import isSubtypeOf from '../dataTypes/isSubtypeOf';
^

./src/selectors/literals/Literal.js:1: WARNING - Failed to load module "../Specificity"
import Specificity from '../Specificity';
^

./src/selectors/literals/Literal.js:2: WARNING - Failed to load module "../Selector"
import Selector from '../Selector';
^

./src/selectors/literals/Literal.js:3: WARNING - Failed to load module "../dataTypes/Sequence"
import Sequence from '../dataTypes/Sequence';
^

./src/selectors/literals/Literal.js:5: WARNING - Failed to load module "../dataTypes/createAtomicValue"
import createAtomicValue from '../dataTypes/createAtomicValue';
^

./src/selectors/literals/Literal.js:23: WARNING - Failed to load module "../dataTypes/Value"
		 * @type {../dataTypes/Value}
		          ^

./src/selectors/maps/MapConstructor.js:1: WARNING - Failed to load module "../Selector"
import Selector from '../Selector';
^

./src/selectors/maps/MapConstructor.js:2: WARNING - Failed to load module "../Specificity"
import Specificity from '../Specificity';
^

./src/selectors/maps/MapConstructor.js:3: WARNING - Failed to load module "../dataTypes/Sequence"
import Sequence from '../dataTypes/Sequence';
^

./src/selectors/maps/MapConstructor.js:4: WARNING - Failed to load module "../dataTypes/MapValue"
import MapValue from '../dataTypes/MapValue';
^

./src/selectors/maps/MapConstructor.js:5: WARNING - Failed to load module "../util/zipSingleton"
import zipSingleton from '../util/zipSingleton';
^

./src/selectors/operators/SequenceOperator.js:1: WARNING - Failed to load module "../Selector"
import Selector from '../Selector';
^

./src/selectors/operators/SequenceOperator.js:2: WARNING - Failed to load module "../Specificity"
import Specificity from '../Specificity';
^

./src/selectors/operators/SequenceOperator.js:3: WARNING - Failed to load module "../dataTypes/Sequence"
import Sequence from '../dataTypes/Sequence';
^

./src/selectors/operators/SimpleMapOperator.js:1: WARNING - Failed to load module "../Selector"
import Selector from '../Selector';
^

./src/selectors/operators/SimpleMapOperator.js:2: WARNING - Failed to load module "../Specificity"
import Specificity from '../Specificity';
^

./src/selectors/operators/SimpleMapOperator.js:3: WARNING - Failed to load module "../dataTypes/Sequence"
import Sequence from '../dataTypes/Sequence';
^

./src/selectors/operators/SimpleMapOperator.js:30: WARNING - Failed to load module "../DynamicContext"
		 * @type {Iterator<../DynamicContext>}
		                   ^

./src/selectors/operators/Union.js:1: WARNING - Failed to load module "../Specificity"
import Specificity from '../Specificity';
^

./src/selectors/operators/Union.js:2: WARNING - Failed to load module "../Selector"
import Selector from '../Selector';
^

./src/selectors/operators/Union.js:3: WARNING - Failed to load module "../dataTypes/Sequence"
import Sequence from '../dataTypes/Sequence';
^

./src/selectors/operators/Union.js:4: WARNING - Failed to load module "../dataTypes/isSubtypeOf"
import isSubtypeOf from '../dataTypes/isSubtypeOf';
^

./src/selectors/operators/Union.js:5: WARNING - Failed to load module "../dataTypes/documentOrderUtils"
import { sortNodeValues } from '../dataTypes/documentOrderUtils';
^

./src/selectors/operators/Union.js:6: WARNING - Failed to load module "../util/concatSequences"
import concatSequences from '../util/concatSequences';
^

./src/selectors/operators/UniversalSelector.js:1: WARNING - Failed to load module "../Selector"
import Selector from '../Selector';
^

./src/selectors/operators/UniversalSelector.js:2: WARNING - Failed to load module "../Specificity"
import Specificity from '../Specificity';
^

./src/selectors/operators/UniversalSelector.js:3: WARNING - Failed to load module "../dataTypes/Sequence"
import Sequence from '../dataTypes/Sequence';
^

./src/selectors/operators/boolean/AndOperator.js:1: WARNING - Failed to load module "../../Specificity"
import Specificity from '../../Specificity';
^

./src/selectors/operators/boolean/AndOperator.js:2: WARNING - Failed to load module "../../dataTypes/Sequence"
import Sequence from '../../dataTypes/Sequence';
^

./src/selectors/operators/boolean/AndOperator.js:3: WARNING - Failed to load module "../../Selector"
import Selector from '../../Selector';
^

./src/selectors/operators/boolean/AndOperator.js:4: WARNING - Failed to load module "../../dataTypes/createAtomicValue"
import { trueBoolean, falseBoolean } from '../../dataTypes/createAtomicValue';
^

./src/selectors/operators/boolean/OrOperator.js:1: WARNING - Failed to load module "../../Selector"
import Selector from '../../Selector';
^

./src/selectors/operators/boolean/OrOperator.js:2: WARNING - Failed to load module "../../Specificity"
import Specificity from '../../Specificity';
^

./src/selectors/operators/boolean/OrOperator.js:3: WARNING - Failed to load module "../../dataTypes/Sequence"
import Sequence from '../../dataTypes/Sequence';
^

./src/selectors/operators/boolean/OrOperator.js:4: WARNING - Failed to load module "../../dataTypes/createAtomicValue"
import { trueBoolean, falseBoolean } from '../../dataTypes/createAtomicValue';
^

./src/selectors/operators/compares/Compare.js:1: WARNING - Failed to load module "../../dataTypes/Sequence"
import Sequence from '../../dataTypes/Sequence';
^

./src/selectors/operators/compares/Compare.js:2: WARNING - Failed to load module "../../Selector"
import Selector from '../../Selector';
^

./src/selectors/operators/compares/Compare.js:3: WARNING - Failed to load module "./generalCompare"
import generalCompare from './generalCompare';
^

./src/selectors/operators/compares/Compare.js:4: WARNING - Failed to load module "./nodeCompare"
import nodeCompare from './nodeCompare';
^

./src/selectors/operators/compares/Compare.js:5: WARNING - Failed to load module "./valueCompare"
import valueCompare from './valueCompare';
^

./src/selectors/operators/compares/generalCompare.js:1: WARNING - Failed to load module "../../dataTypes/Sequence"
import Sequence from '../../dataTypes/Sequence';
^

./src/selectors/operators/compares/generalCompare.js:2: WARNING - Failed to load module "./valueCompare"
import valueCompare from './valueCompare';
^

./src/selectors/operators/compares/nodeCompare.js:1: WARNING - Failed to load module "../../dataTypes/isSubtypeOf"
import isSubtypeOf from '../../dataTypes/isSubtypeOf';
^

./src/selectors/operators/compares/nodeCompare.js:2: WARNING - Failed to load module "../../dataTypes/Sequence"
import Sequence from '../../dataTypes/Sequence';
^

./src/selectors/operators/compares/nodeCompare.js:3: WARNING - Failed to load module "../../util/zipSingleton"
import zipSingleton from '../../util/zipSingleton';
^

./src/selectors/operators/compares/nodeCompare.js:7: WARNING - Failed to load module "../../dataTypes/Sequence"
 * @param   {!../../dataTypes/Sequence}  firstSequence
              ^

./src/selectors/operators/compares/nodeCompare.js:8: WARNING - Failed to load module "../../dataTypes/Sequence"
 * @param   {!../../dataTypes/Sequence}  secondSequence
              ^

./src/selectors/operators/compares/valueCompare.js:1: WARNING - Failed to load module "../../dataTypes/castToType"
import castToType from '../../dataTypes/castToType';
^

./src/selectors/operators/compares/valueCompare.js:2: WARNING - Failed to load module "../../dataTypes/isSubtypeOf"
import isSubtypeOf from '../../dataTypes/isSubtypeOf';
^

./src/selectors/operators/compares/valueCompare.js:93: WARNING - Failed to load module "../../dataTypes/AtomicValue"
 * @param  {../../dataTypes/AtomicValue}  valueA
            ^

./src/selectors/operators/compares/valueCompare.js:94: WARNING - Failed to load module "../../dataTypes/AtomicValue"
 * @param  {../../dataTypes/AtomicValue}  valueB
            ^

./src/selectors/operators/numeric/BinaryNumericOperator.js:1: WARNING - Failed to load module "../../dataTypes/isSubtypeOf"
import isSubtypeOf from '../../dataTypes/isSubtypeOf';
^

./src/selectors/operators/numeric/BinaryNumericOperator.js:2: WARNING - Failed to load module "../../dataTypes/castToType"
import castToType from '../../dataTypes/castToType';
^

./src/selectors/operators/numeric/BinaryNumericOperator.js:3: WARNING - Failed to load module "../../dataTypes/Sequence"
import Sequence from '../../dataTypes/Sequence';
^

./src/selectors/operators/numeric/BinaryNumericOperator.js:4: WARNING - Failed to load module "../../Selector"
import Selector from '../../Selector';
^

./src/selectors/operators/numeric/BinaryNumericOperator.js:5: WARNING - Failed to load module "../../dataTypes/createAtomicValue"
import createAtomicValue from '../../dataTypes/createAtomicValue';
^

./src/selectors/operators/numeric/Unary.js:1: WARNING - Failed to load module "../../dataTypes/isSubtypeOf"
import isSubtypeOf from '../../dataTypes/isSubtypeOf';
^

./src/selectors/operators/numeric/Unary.js:2: WARNING - Failed to load module "../../dataTypes/Sequence"
import Sequence from '../../dataTypes/Sequence';
^

./src/selectors/operators/numeric/Unary.js:3: WARNING - Failed to load module "../../Selector"
import Selector from '../../Selector';
^

./src/selectors/operators/numeric/Unary.js:4: WARNING - Failed to load module "../../dataTypes/createAtomicValue"
import createAtomicValue from '../../dataTypes/createAtomicValue';
^

./src/selectors/operators/numeric/Unary.js:5: WARNING - Failed to load module "../../dataTypes/atomize"
import atomize from '../../dataTypes/atomize';
^

./src/selectors/operators/types/CastAsOperator.js:1: WARNING - Failed to load module "../../dataTypes/Sequence"
import Sequence from '../../dataTypes/Sequence';
^

./src/selectors/operators/types/CastAsOperator.js:2: WARNING - Failed to load module "../../Selector"
import Selector from '../../Selector';
^

./src/selectors/operators/types/CastAsOperator.js:3: WARNING - Failed to load module "../../dataTypes/castToType"
import castToType from '../../dataTypes/castToType';
^

./src/selectors/operators/types/CastableAsOperator.js:1: WARNING - Failed to load module "../../dataTypes/Sequence"
import Sequence from '../../dataTypes/Sequence';
^

./src/selectors/operators/types/CastableAsOperator.js:2: WARNING - Failed to load module "../../Selector"
import Selector from '../../Selector';
^

./src/selectors/operators/types/CastableAsOperator.js:3: WARNING - Failed to load module "../../dataTypes/canCastToType"
import canCastToType from '../../dataTypes/canCastToType';
^

./src/selectors/operators/types/CastableAsOperator.js:4: WARNING - Failed to load module "../../dataTypes/createAtomicValue"
import { trueBoolean, falseBoolean } from '../../dataTypes/createAtomicValue';
^

./src/selectors/operators/types/InstanceOfOperator.js:1: WARNING - Failed to load module "../../dataTypes/Sequence"
import Sequence from '../../dataTypes/Sequence';
^

./src/selectors/operators/types/InstanceOfOperator.js:2: WARNING - Failed to load module "../../Selector"
import Selector from '../../Selector';
^

./src/selectors/operators/types/InstanceOfOperator.js:3: WARNING - Failed to load module "../../util/sequenceEvery"
import sequenceEvery from '../../util/sequenceEvery';
^

./src/selectors/path/AbsolutePathSelector.js:1: WARNING - Failed to load module "../Selector"
import Selector from '../Selector';
^

./src/selectors/path/AbsolutePathSelector.js:2: WARNING - Failed to load module "../dataTypes/Sequence"
import Sequence from '../dataTypes/Sequence';
^

./src/selectors/path/AbsolutePathSelector.js:3: WARNING - Failed to load module "../dataTypes/createNodeValue"
import createNodeValue from '../dataTypes/createNodeValue';
^

./src/selectors/path/PathSelector.js:1: WARNING - Failed to load module "../Selector"
import Selector from '../Selector';
^

./src/selectors/path/PathSelector.js:2: WARNING - Failed to load module "../Specificity"
import Specificity from '../Specificity';
^

./src/selectors/path/PathSelector.js:3: WARNING - Failed to load module "../dataTypes/Sequence"
import Sequence from '../dataTypes/Sequence';
^

./src/selectors/path/PathSelector.js:4: WARNING - Failed to load module "../util/createSingleValueIterator"
import createSingleValueIterator from '../util/createSingleValueIterator';
^

./src/selectors/path/PathSelector.js:5: WARNING - Failed to load module "../dataTypes/isSubtypeOf"
import isSubtypeOf from '../dataTypes/isSubtypeOf';
^

./src/selectors/path/PathSelector.js:6: WARNING - Failed to load module "../dataTypes/documentOrderUtils"
import {
^

./src/selectors/path/PathSelector.js:239: WARNING - Failed to load module "../dataTypes/Sequence"
					resultValuesInOrderOfEvaluation = /** @type {!IteratorIterable<!../dataTypes/Sequence>} */ ({
					                                                                ^

./src/selectors/postfix/Filter.js:1: WARNING - Failed to load module "../Selector"
import Selector from '../Selector';
^

./src/selectors/postfix/Filter.js:2: WARNING - Failed to load module "../dataTypes/isSubtypeOf"
import isSubtypeOf from '../dataTypes/isSubtypeOf';
^

./src/selectors/postfix/Filter.js:3: WARNING - Failed to load module "../dataTypes/Sequence"
import Sequence from '../dataTypes/Sequence';
^

./src/selectors/postfix/Filter.js:31: WARNING - Failed to load module "../dataTypes/Sequence"
		 * @type {../dataTypes/Sequence}
		          ^

./src/selectors/postfix/Filter.js:46: WARNING - Failed to load module "../dataTypes/Value"
			 * @type {../dataTypes/Value}
			          ^

./src/selectors/quantified/QuantifiedExpression.js:1: WARNING - Failed to load module "../Selector"
import Selector from '../Selector';
^

./src/selectors/quantified/QuantifiedExpression.js:2: WARNING - Failed to load module "../dataTypes/Sequence"
import Sequence from '../dataTypes/Sequence';
^

./src/selectors/tests/KindTest.js:1: WARNING - Failed to load module "../Selector"
import Selector from '../Selector';
^

./src/selectors/tests/KindTest.js:2: WARNING - Failed to load module "../dataTypes/Sequence"
import Sequence from '../dataTypes/Sequence';
^

./src/selectors/tests/KindTest.js:3: WARNING - Failed to load module "../Specificity"
import Specificity from '../Specificity';
^

./src/selectors/tests/KindTest.js:4: WARNING - Failed to load module "../dataTypes/createAtomicValue"
import { trueBoolean, falseBoolean } from '../dataTypes/createAtomicValue';
^

./src/selectors/tests/KindTest.js:22: WARNING - Failed to load module "../DynamicContext"
	 * @param   {!../DynamicContext}      dynamicContext
	              ^

./src/selectors/tests/KindTest.js:23: WARNING - Failed to load module "../dataTypes/Sequence"
	 * @return  {!../dataTypes/Sequence}
	              ^

./src/selectors/tests/NameTest.js:1: WARNING - Failed to load module "../dataTypes/Sequence"
import Sequence from '../dataTypes/Sequence';
^

./src/selectors/tests/NameTest.js:2: WARNING - Failed to load module "../Selector"
import Selector from '../Selector';
^

./src/selectors/tests/NameTest.js:3: WARNING - Failed to load module "../Specificity"
import Specificity from '../Specificity';
^

./src/selectors/tests/NameTest.js:4: WARNING - Failed to load module "../dataTypes/isSubtypeOf"
import isSubtypeOf from '../dataTypes/isSubtypeOf';
^

./src/selectors/tests/NameTest.js:37: WARNING - Failed to load module "../DynamicContext"
	 * @param   {../DynamicContext}  dynamicContext
	             ^

./src/selectors/tests/PITest.js:1: WARNING - Failed to load module "../dataTypes/Sequence"
import Sequence from '../dataTypes/Sequence';
^

./src/selectors/tests/PITest.js:2: WARNING - Failed to load module "../Selector"
import Selector from '../Selector';
^

./src/selectors/tests/PITest.js:3: WARNING - Failed to load module "../Specificity"
import Specificity from '../Specificity';
^

./src/selectors/tests/PITest.js:4: WARNING - Failed to load module "../dataTypes/isSubtypeOf"
import isSubtypeOf from '../dataTypes/isSubtypeOf';
^

./src/selectors/tests/PITest.js:23: WARNING - Failed to load module "../DynamicContext"
	 * @param   {!../DynamicContext}      dynamicContext
	              ^

./src/selectors/tests/PITest.js:24: WARNING - Failed to load module "../dataTypes/Sequence"
	 * @return  {!../dataTypes/Sequence}
	              ^

./src/selectors/tests/TypeTest.js:1: WARNING - Failed to load module "../Selector"
import Selector from '../Selector';
^

./src/selectors/tests/TypeTest.js:2: WARNING - Failed to load module "../dataTypes/Sequence"
import Sequence from '../dataTypes/Sequence';
^

./src/selectors/tests/TypeTest.js:3: WARNING - Failed to load module "../Specificity"
import Specificity from '../Specificity';
^

./src/selectors/tests/TypeTest.js:4: WARNING - Failed to load module "../dataTypes/createAtomicValue"
import createAtomicValue from '../dataTypes/createAtomicValue';
^

./src/selectors/tests/TypeTest.js:5: WARNING - Failed to load module "../dataTypes/isSubtypeOf"
import isSubtypeOf from '../dataTypes/isSubtypeOf';
^

./src/selectors/tests/TypeTest.js:30: WARNING - Failed to load module "../DynamicContext"
	 * @param   {!../DynamicContext}      dynamicContext
	              ^

./src/selectors/tests/TypeTest.js:31: WARNING - Failed to load module "../dataTypes/Sequence"
	 * @return  {!../dataTypes/Sequence}
	              ^

./src/selectors/util/concatSequences.js:1: WARNING - Failed to load module "../dataTypes/Sequence"
import Sequence from '../dataTypes/Sequence';
^

./src/selectors/util/createDoublyIterableSequence.js:1: WARNING - Failed to load module "../dataTypes/Sequence"
import Sequence from '../dataTypes/Sequence';
^

./src/selectors/util/sequenceEvery.js:1: WARNING - Failed to load module "../dataTypes/Sequence"
import Sequence from '../dataTypes/Sequence';
^

./src/selectors/util/sequenceEvery.js:2: WARNING - Failed to load module "../dataTypes/createAtomicValue"
import { trueBoolean, falseBoolean } from '../dataTypes/createAtomicValue';
^

./src/selectors/util/zipSingleton.js:1: WARNING - Failed to load module "../dataTypes/Sequence"
import Sequence from '../dataTypes/Sequence';
^

./src/selectors/dataTypes/casting/tryCastToType.js:1: ERROR - required "module$src$selectors$dataTypes$typeHelpers" namespace not provided yet
import {
^^^^^^^^

./src/selectors/path/PathSelector.js:6: ERROR - required "module$src$selectors$dataTypes$documentOrderUtils" namespace not provided yet
import {
^^^^^^^^

2 error(s), 636 warning(s)



npm ERR! code ELIFECYCLE
npm ERR! errno 1
npm ERR! fontoxpath@2.6.0 build: `node ./build.js`
npm ERR! Exit status 1
npm ERR! 
npm ERR! Failed at the fontoxpath@2.6.0 build script.
npm ERR! This is probably not a problem with npm. There is likely additional logging output above.

npm ERR! A complete log of this run can be found in:
npm ERR!     /home/martin/.npm/_logs/2017-08-11T11_35_36_434Z-debug.log
